[0m2022-01-30 01:34:37 V/: Send: StatSvc.GetDevLoginInfo(StatSvc.GetDevLoginInfo)[0m
[0m2022-01-30 01:34:37 V/: Recv: StatSvc.GetDevLoginInfo[0m
[0m2022-01-30 01:34:37 V/: Recv: MessageSvc.RequestPushStatus[0m
[0m2022-01-30 01:34:37 V/: Recv: MessageSvc.RequestPushStatus[0m
[0m2022-01-30 01:41:58 V/: Recv: MessageSvc.RequestPushStatus[0m
[0m2022-01-30 01:41:58 V/: Recv: MessageSvc.RequestPushStatus[0m
[0m2022-01-30 01:42:02 V/: Send: StatSvc.GetDevLoginInfo(StatSvc.GetDevLoginInfo)[0m
[0m2022-01-30 01:42:02 V/: Recv: StatSvc.GetDevLoginInfo[0m
[0m2022-01-30 01:42:02 V/: Recv: MessageSvc.RequestPushStatus[0m
[0m2022-01-30 01:42:02 V/: Recv: MessageSvc.RequestPushStatus[0m
[0m2022-01-30 01:42:02 V/: Recv: MessageSvc.RequestPushStatus[0m
[0m2022-01-30 11:56:41 V/: Send: ImgStore.GroupPicUp(ImgStore.GroupPicUp)[0m
[0m2022-01-30 11:56:41 V/: Recv: ImgStore.GroupPicUp[0m
[0m2022-01-30 11:56:41 V/: [Highway] Uploading group image to 220.194.81.100:80, size=254.89 KiB[0m
[0m2022-01-30 11:56:42 V/: [Highway] Uploading group image: succeed at 425 KiB/s[0m
[0m2022-01-30 11:56:42 V/: Send: ImgStore.GroupPicUp(ImgStore.GroupPicUp)[0m
[0m2022-01-30 11:56:43 V/: Recv: ImgStore.GroupPicUp[0m
[0m2022-01-30 11:56:43 V/: Send: MessageSvc.PbSendMsg(MessageSvc.PbSendMsg)[0m
[0m2022-01-30 11:56:43 V/: Recv: MessageSvc.PbSendMsg[0m
[0m2022-01-30 11:56:46 V/: Send: ImgStore.GroupPicUp(ImgStore.GroupPicUp)[0m
[0m2022-01-30 11:56:46 V/: [Highway] Uploading group image to 220.194.81.100:80, size=308.73 KiB[0m
[0m2022-01-30 11:56:46 V/: Recv: ImgStore.GroupPicUp[0m
[0m2022-01-30 11:56:47 V/: [Highway] Uploading group image: succeed at 446 KiB/s[0m
[0m2022-01-30 11:56:48 V/: Send: ImgStore.GroupPicUp(ImgStore.GroupPicUp)[0m
[0m2022-01-30 11:56:48 V/: Recv: ImgStore.GroupPicUp[0m
[0m2022-01-30 11:56:48 V/: Send: MessageSvc.PbSendMsg(MessageSvc.PbSendMsg)[0m
[0m2022-01-30 11:56:48 V/: Recv: MessageSvc.PbSendMsg[0m
[0m2022-01-30 11:56:48 V/: Send: ImgStore.GroupPicUp(ImgStore.GroupPicUp)[0m
[0m2022-01-30 11:56:49 V/: Recv: ImgStore.GroupPicUp[0m
[0m2022-01-30 11:56:49 V/: Send: ImgStore.GroupPicUp(ImgStore.GroupPicUp)[0m
[0m2022-01-30 11:56:49 V/: Recv: ImgStore.GroupPicUp[0m
[0m2022-01-30 11:56:49 V/: Send: MessageSvc.PbSendMsg(MessageSvc.PbSendMsg)[0m
[0m2022-01-30 11:56:49 V/: Recv: MessageSvc.PbSendMsg[0m
[0m2022-01-30 11:56:58 V/: Send: ImgStore.GroupPicUp(ImgStore.GroupPicUp)[0m
[0m2022-01-30 11:56:58 V/: Recv: ImgStore.GroupPicUp[0m
[0m2022-01-30 11:56:58 V/: Send: ImgStore.GroupPicUp(ImgStore.GroupPicUp)[0m
[0m2022-01-30 11:57:03 V/: Recv: ImgStore.GroupPicUp[0m
[0m2022-01-30 11:57:03 V/: [Highway] Uploading group image to 220.194.81.100:80, size=254.89 KiB[0m
[0m2022-01-30 11:57:03 V/: [Highway] Uploading group image: succeed at 384 KiB/s[0m
[0m2022-01-30 11:57:03 V/: Send: MessageSvc.PbSendMsg(MessageSvc.PbSendMsg)[0m
[0m2022-01-30 11:57:04 V/: Recv: MessageSvc.PbSendMsg[0m
[0m2022-01-30 12:25:10 V/: Send: MessageSvc.PbSendMsg(MessageSvc.PbSendMsg)[0m
[0m2022-01-30 12:25:10 V/: Recv: MessageSvc.PbSendMsg[0m
[0m2022-01-30 12:25:15 V/: Send: MessageSvc.PbSendMsg(MessageSvc.PbSendMsg)[0m
[0m2022-01-30 12:25:15 V/: Recv: MessageSvc.PbSendMsg[0m
[0m2022-01-30 12:25:20 V/: Send: MessageSvc.PbSendMsg(MessageSvc.PbSendMsg)[0m
[0m2022-01-30 12:25:21 V/: Recv: MessageSvc.PbSendMsg[0m
[0m2022-01-30 12:25:26 V/: Send: MessageSvc.PbSendMsg(MessageSvc.PbSendMsg)[0m
[0m2022-01-30 12:25:26 V/: Recv: MessageSvc.PbSendMsg[0m
[0m2022-01-30 12:25:31 V/: Send: MessageSvc.PbSendMsg(MessageSvc.PbSendMsg)[0m
[0m2022-01-30 12:25:31 V/: Recv: MessageSvc.PbSendMsg[0m
[0m2022-01-30 12:25:36 V/: Send: MessageSvc.PbSendMsg(MessageSvc.PbSendMsg)[0m
[0m2022-01-30 12:25:37 V/: Recv: MessageSvc.PbSendMsg[0m
[0m2022-01-30 12:25:42 V/: Send: MessageSvc.PbSendMsg(MessageSvc.PbSendMsg)[0m
[0m2022-01-30 12:25:42 V/: Recv: MessageSvc.PbSendMsg[0m
[0m2022-01-30 12:25:47 V/: Send: MessageSvc.PbSendMsg(MessageSvc.PbSendMsg)[0m
[0m2022-01-30 12:25:47 V/: Recv: MessageSvc.PbSendMsg[0m
[0m2022-01-30 12:25:52 V/: Send: MessageSvc.PbSendMsg(MessageSvc.PbSendMsg)[0m
[0m2022-01-30 12:25:52 V/: Recv: MessageSvc.PbSendMsg[0m
[0m2022-01-30 12:25:57 V/: Send: MessageSvc.PbSendMsg(MessageSvc.PbSendMsg)[0m
[0m2022-01-30 12:25:57 V/: Recv: MessageSvc.PbSendMsg[0m
[0m2022-01-30 12:26:02 V/: Send: MessageSvc.PbSendMsg(MessageSvc.PbSendMsg)[0m
[0m2022-01-30 12:26:03 V/: Recv: MessageSvc.PbSendMsg[0m
[0m2022-01-30 12:26:08 V/: Send: MessageSvc.PbSendMsg(MessageSvc.PbSendMsg)[0m
[0m2022-01-30 12:26:08 V/: Recv: MessageSvc.PbSendMsg[0m
[0m2022-01-30 12:26:13 V/: Send: MessageSvc.PbSendMsg(MessageSvc.PbSendMsg)[0m
[0m2022-01-30 12:26:13 V/: Recv: MessageSvc.PbSendMsg[0m
[0m2022-01-30 12:26:18 V/: Send: MessageSvc.PbSendMsg(MessageSvc.PbSendMsg)[0m
[0m2022-01-30 12:26:19 V/: Recv: MessageSvc.PbSendMsg[0m
[0m2022-01-30 12:26:24 V/: Send: MessageSvc.PbSendMsg(MessageSvc.PbSendMsg)[0m
[0m2022-01-30 12:26:24 V/: Recv: MessageSvc.PbSendMsg[0m
[0m2022-01-30 12:26:29 V/: Send: MessageSvc.PbSendMsg(MessageSvc.PbSendMsg)[0m
[0m2022-01-30 12:26:29 V/: Recv: MessageSvc.PbSendMsg[0m
[0m2022-01-30 12:26:34 V/: Send: MessageSvc.PbSendMsg(MessageSvc.PbSendMsg)[0m
[0m2022-01-30 12:26:34 V/: Recv: MessageSvc.PbSendMsg[0m
[0m2022-01-30 12:26:39 V/: Send: MessageSvc.PbSendMsg(MessageSvc.PbSendMsg)[0m
[0m2022-01-30 12:26:40 V/: Recv: MessageSvc.PbSendMsg[0m
[0m2022-01-30 12:26:45 V/: Send: MessageSvc.PbSendMsg(MessageSvc.PbSendMsg)[0m
[0m2022-01-30 12:26:45 V/: Recv: MessageSvc.PbSendMsg[0m
[0m2022-01-30 12:26:50 V/: Send: MessageSvc.PbSendMsg(MessageSvc.PbSendMsg)[0m
[0m2022-01-30 12:26:51 V/: Recv: MessageSvc.PbSendMsg[0m
[0m2022-01-30 12:26:56 V/: Send: MessageSvc.PbSendMsg(MessageSvc.PbSendMsg)[0m
[0m2022-01-30 12:26:56 V/: Recv: MessageSvc.PbSendMsg[0m
[0m2022-01-30 12:27:01 V/: Send: MessageSvc.PbSendMsg(MessageSvc.PbSendMsg)[0m
[0m2022-01-30 12:27:01 V/: Recv: MessageSvc.PbSendMsg[0m
[0m2022-01-30 12:27:06 V/: Send: MessageSvc.PbSendMsg(MessageSvc.PbSendMsg)[0m
[0m2022-01-30 12:27:06 V/: Recv: MessageSvc.PbSendMsg[0m
[0m2022-01-30 12:27:11 V/: Send: MessageSvc.PbSendMsg(MessageSvc.PbSendMsg)[0m
[0m2022-01-30 12:27:12 V/: Recv: MessageSvc.PbSendMsg[0m
[0m2022-01-30 12:27:17 V/: Send: MessageSvc.PbSendMsg(MessageSvc.PbSendMsg)[0m
[0m2022-01-30 12:27:17 V/: Recv: MessageSvc.PbSendMsg[0m
[0m2022-01-30 12:27:22 V/: Send: MessageSvc.PbSendMsg(MessageSvc.PbSendMsg)[0m
[0m2022-01-30 12:27:22 V/: Recv: MessageSvc.PbSendMsg[0m
[0m2022-01-30 12:27:27 V/: Send: MessageSvc.PbSendMsg(MessageSvc.PbSendMsg)[0m
[0m2022-01-30 12:27:28 V/: Recv: MessageSvc.PbSendMsg[0m
[0m2022-01-30 12:27:33 V/: Send: MessageSvc.PbSendMsg(MessageSvc.PbSendMsg)[0m
[0m2022-01-30 12:27:33 V/: Recv: MessageSvc.PbSendMsg[0m
[0m2022-01-30 12:27:38 V/: Send: MessageSvc.PbSendMsg(MessageSvc.PbSendMsg)[0m
[0m2022-01-30 12:27:39 V/: Recv: MessageSvc.PbSendMsg[0m
[0m2022-01-30 12:27:44 V/: Send: MessageSvc.PbSendMsg(MessageSvc.PbSendMsg)[0m
[0m2022-01-30 12:27:44 V/: Recv: MessageSvc.PbSendMsg[0m
[0m2022-01-30 12:27:49 V/: Send: MessageSvc.PbSendMsg(MessageSvc.PbSendMsg)[0m
[0m2022-01-30 12:27:49 V/: Recv: MessageSvc.PbSendMsg[0m
[0m2022-01-30 12:27:54 V/: Send: MessageSvc.PbSendMsg(MessageSvc.PbSendMsg)[0m
[0m2022-01-30 12:27:55 V/: Recv: MessageSvc.PbSendMsg[0m
[0m2022-01-30 12:28:00 V/: Send: MessageSvc.PbSendMsg(MessageSvc.PbSendMsg)[0m
[0m2022-01-30 12:28:00 V/: Recv: MessageSvc.PbSendMsg[0m
[0m2022-01-30 12:28:05 V/: Send: MessageSvc.PbSendMsg(MessageSvc.PbSendMsg)[0m
[0m2022-01-30 12:28:05 V/: Recv: MessageSvc.PbSendMsg[0m
[0m2022-01-30 12:28:10 V/: Send: MessageSvc.PbSendMsg(MessageSvc.PbSendMsg)[0m
[0m2022-01-30 12:28:10 V/: Recv: MessageSvc.PbSendMsg[0m
[0m2022-01-30 12:28:15 V/: Send: MessageSvc.PbSendMsg(MessageSvc.PbSendMsg)[0m
[0m2022-01-30 12:28:16 V/: Recv: MessageSvc.PbSendMsg[0m
[0m2022-01-30 12:28:21 V/: Send: MessageSvc.PbSendMsg(MessageSvc.PbSendMsg)[0m
[0m2022-01-30 12:28:21 V/: Recv: MessageSvc.PbSendMsg[0m
[0m2022-01-30 12:28:26 V/: Send: MessageSvc.PbSendMsg(MessageSvc.PbSendMsg)[0m
[0m2022-01-30 12:28:26 V/: Recv: MessageSvc.PbSendMsg[0m
[0m2022-01-30 12:28:31 V/: Send: MessageSvc.PbSendMsg(MessageSvc.PbSendMsg)[0m
[0m2022-01-30 12:28:32 V/: Recv: MessageSvc.PbSendMsg[0m
[0m2022-01-30 12:28:37 V/: Send: MessageSvc.PbSendMsg(MessageSvc.PbSendMsg)[0m
[0m2022-01-30 12:28:37 V/: Recv: MessageSvc.PbSendMsg[0m
[0m2022-01-30 12:28:42 V/: Send: MessageSvc.PbSendMsg(MessageSvc.PbSendMsg)[0m
[0m2022-01-30 12:28:42 V/: Recv: MessageSvc.PbSendMsg[0m
[0m2022-01-30 12:28:47 V/: Send: MessageSvc.PbSendMsg(MessageSvc.PbSendMsg)[0m
[0m2022-01-30 12:28:47 V/: Recv: MessageSvc.PbSendMsg[0m
[0m2022-01-30 12:28:52 V/: Send: MessageSvc.PbSendMsg(MessageSvc.PbSendMsg)[0m
[0m2022-01-30 12:28:53 V/: Recv: MessageSvc.PbSendMsg[0m
[0m2022-01-30 12:28:58 V/: Send: MessageSvc.PbSendMsg(MessageSvc.PbSendMsg)[0m
[0m2022-01-30 12:28:58 V/: Recv: MessageSvc.PbSendMsg[0m
[0m2022-01-30 12:29:03 V/: Send: MessageSvc.PbSendMsg(MessageSvc.PbSendMsg)[0m
[0m2022-01-30 12:29:03 V/: Recv: MessageSvc.PbSendMsg[0m
[0m2022-01-30 12:29:08 V/: Send: MessageSvc.PbSendMsg(MessageSvc.PbSendMsg)[0m
[0m2022-01-30 12:29:09 V/: Recv: MessageSvc.PbSendMsg[0m
[0m2022-01-30 12:29:14 V/: Send: MessageSvc.PbSendMsg(MessageSvc.PbSendMsg)[0m
[0m2022-01-30 12:29:14 V/: Recv: MessageSvc.PbSendMsg[0m
[0m2022-01-30 12:29:19 V/: Send: MessageSvc.PbSendMsg(MessageSvc.PbSendMsg)[0m
[0m2022-01-30 12:29:19 V/: Recv: MessageSvc.PbSendMsg[0m
[0m2022-01-30 12:29:24 V/: Send: MessageSvc.PbSendMsg(MessageSvc.PbSendMsg)[0m
[0m2022-01-30 12:29:24 V/: Recv: MessageSvc.PbSendMsg[0m
[0m2022-01-30 12:29:29 V/: Send: MessageSvc.PbSendMsg(MessageSvc.PbSendMsg)[0m
[0m2022-01-30 12:29:30 V/: Recv: MessageSvc.PbSendMsg[0m
[0m2022-01-30 12:29:35 V/: Send: MessageSvc.PbSendMsg(MessageSvc.PbSendMsg)[0m
[0m2022-01-30 12:29:35 V/: Recv: MessageSvc.PbSendMsg[0m
[0m2022-01-30 12:29:40 V/: Send: MessageSvc.PbSendMsg(MessageSvc.PbSendMsg)[0m
[0m2022-01-30 12:29:40 V/: Recv: MessageSvc.PbSendMsg[0m
[0m2022-01-30 12:29:45 V/: Send: MessageSvc.PbSendMsg(MessageSvc.PbSendMsg)[0m
[0m2022-01-30 12:29:46 V/: Recv: MessageSvc.PbSendMsg[0m
[0m2022-01-30 12:29:51 V/: Send: MessageSvc.PbSendMsg(MessageSvc.PbSendMsg)[0m
[0m2022-01-30 12:29:51 V/: Recv: MessageSvc.PbSendMsg[0m
[0m2022-01-30 12:29:56 V/: Send: MessageSvc.PbSendMsg(MessageSvc.PbSendMsg)[0m
[0m2022-01-30 12:29:56 V/: Recv: MessageSvc.PbSendMsg[0m
[0m2022-01-30 12:30:01 V/: Send: MessageSvc.PbSendMsg(MessageSvc.PbSendMsg)[0m
[0m2022-01-30 12:30:01 V/: Recv: MessageSvc.PbSendMsg[0m
[0m2022-01-30 12:30:06 V/: Send: MessageSvc.PbSendMsg(MessageSvc.PbSendMsg)[0m
[0m2022-01-30 12:30:07 V/: Recv: MessageSvc.PbSendMsg[0m
[0m2022-01-30 12:30:12 V/: Send: MessageSvc.PbSendMsg(MessageSvc.PbSendMsg)[0m
[0m2022-01-30 12:30:12 V/: Recv: MessageSvc.PbSendMsg[0m
[0m2022-01-30 12:30:17 V/: Send: MessageSvc.PbSendMsg(MessageSvc.PbSendMsg)[0m
[0m2022-01-30 12:30:18 V/: Recv: MessageSvc.PbSendMsg[0m
[0m2022-01-30 12:30:23 V/: Send: MessageSvc.PbSendMsg(MessageSvc.PbSendMsg)[0m
[0m2022-01-30 12:30:23 V/: Recv: MessageSvc.PbSendMsg[0m
[0m2022-01-30 12:30:28 V/: Send: MessageSvc.PbSendMsg(MessageSvc.PbSendMsg)[0m
[0m2022-01-30 12:30:28 V/: Recv: MessageSvc.PbSendMsg[0m
[0m2022-01-30 12:30:33 V/: Send: MessageSvc.PbSendMsg(MessageSvc.PbSendMsg)[0m
[0m2022-01-30 12:30:33 V/: Recv: MessageSvc.PbSendMsg[0m
[0m2022-01-30 12:30:38 V/: Send: MessageSvc.PbSendMsg(MessageSvc.PbSendMsg)[0m
[0m2022-01-30 12:30:39 V/: Recv: MessageSvc.PbSendMsg[0m
[0m2022-01-30 12:30:44 V/: Send: MessageSvc.PbSendMsg(MessageSvc.PbSendMsg)[0m
[0m2022-01-30 12:30:44 V/: Recv: MessageSvc.PbSendMsg[0m
[0m2022-01-30 12:30:49 V/: Send: MessageSvc.PbSendMsg(MessageSvc.PbSendMsg)[0m
[0m2022-01-30 12:30:49 V/: Recv: MessageSvc.PbSendMsg[0m
[0m2022-01-30 12:30:54 V/: Send: MessageSvc.PbSendMsg(MessageSvc.PbSendMsg)[0m
[0m2022-01-30 12:30:55 V/: Recv: MessageSvc.PbSendMsg[0m
[0m2022-01-30 12:31:00 V/: Send: MessageSvc.PbSendMsg(MessageSvc.PbSendMsg)[0m
[0m2022-01-30 12:31:00 V/: Recv: MessageSvc.PbSendMsg[0m
[0m2022-01-30 12:31:05 V/: Send: MessageSvc.PbSendMsg(MessageSvc.PbSendMsg)[0m
[0m2022-01-30 12:31:06 V/: Recv: MessageSvc.PbSendMsg[0m
[0m2022-01-30 12:31:11 V/: Send: MessageSvc.PbSendMsg(MessageSvc.PbSendMsg)[0m
[0m2022-01-30 12:31:11 V/: Recv: MessageSvc.PbSendMsg[0m
[0m2022-01-30 12:31:16 V/: Send: MessageSvc.PbSendMsg(MessageSvc.PbSendMsg)[0m
[0m2022-01-30 12:31:16 V/: Recv: MessageSvc.PbSendMsg[0m
[0m2022-01-30 12:31:21 V/: Send: MessageSvc.PbSendMsg(MessageSvc.PbSendMsg)[0m
[0m2022-01-30 12:31:21 V/: Recv: MessageSvc.PbSendMsg[0m
[0m2022-01-30 12:31:26 V/: Send: MessageSvc.PbSendMsg(MessageSvc.PbSendMsg)[0m
[0m2022-01-30 12:31:26 V/: Recv: MessageSvc.PbSendMsg[0m
[0m2022-01-30 12:31:31 V/: Send: MessageSvc.PbSendMsg(MessageSvc.PbSendMsg)[0m
[0m2022-01-30 12:31:32 V/: Recv: MessageSvc.PbSendMsg[0m
[0m2022-01-30 12:31:37 V/: Send: MessageSvc.PbSendMsg(MessageSvc.PbSendMsg)[0m
[0m2022-01-30 12:31:37 V/: Recv: MessageSvc.PbSendMsg[0m
[0m2022-01-30 12:31:42 V/: Send: MessageSvc.PbSendMsg(MessageSvc.PbSendMsg)[0m
[0m2022-01-30 12:31:42 V/: Recv: MessageSvc.PbSendMsg[0m
[0m2022-01-30 12:31:47 V/: Send: MessageSvc.PbSendMsg(MessageSvc.PbSendMsg)[0m
[0m2022-01-30 12:31:48 V/: Recv: MessageSvc.PbSendMsg[0m
[0m2022-01-30 12:31:53 V/: Send: MessageSvc.PbSendMsg(MessageSvc.PbSendMsg)[0m
[0m2022-01-30 12:31:53 V/: Recv: MessageSvc.PbSendMsg[0m
[0m2022-01-30 12:31:58 V/: Send: MessageSvc.PbSendMsg(MessageSvc.PbSendMsg)[0m
[0m2022-01-30 12:31:58 V/: Recv: MessageSvc.PbSendMsg[0m
[0m2022-01-30 12:32:03 V/: Send: MessageSvc.PbSendMsg(MessageSvc.PbSendMsg)[0m
[0m2022-01-30 12:32:03 V/: Recv: MessageSvc.PbSendMsg[0m
[0m2022-01-30 12:32:08 V/: Send: MessageSvc.PbSendMsg(MessageSvc.PbSendMsg)[0m
[0m2022-01-30 12:32:09 V/: Recv: MessageSvc.PbSendMsg[0m
[0m2022-01-30 12:32:14 V/: Send: MessageSvc.PbSendMsg(MessageSvc.PbSendMsg)[0m
[0m2022-01-30 12:32:14 V/: Recv: MessageSvc.PbSendMsg[0m
[0m2022-01-30 12:32:19 V/: Send: MessageSvc.PbSendMsg(MessageSvc.PbSendMsg)[0m
[0m2022-01-30 12:32:19 V/: Recv: MessageSvc.PbSendMsg[0m
[0m2022-01-30 12:32:24 V/: Send: MessageSvc.PbSendMsg(MessageSvc.PbSendMsg)[0m
[0m2022-01-30 12:32:25 V/: Recv: MessageSvc.PbSendMsg[0m
[0m2022-01-30 12:32:30 V/: Send: MessageSvc.PbSendMsg(MessageSvc.PbSendMsg)[0m
[0m2022-01-30 12:32:30 V/: Recv: MessageSvc.PbSendMsg[0m
[0m2022-01-30 12:32:35 V/: Send: MessageSvc.PbSendMsg(MessageSvc.PbSendMsg)[0m
[0m2022-01-30 12:32:35 V/: Recv: MessageSvc.PbSendMsg[0m
[0m2022-01-30 12:32:40 V/: Send: MessageSvc.PbSendMsg(MessageSvc.PbSendMsg)[0m
[0m2022-01-30 12:32:41 V/: Recv: MessageSvc.PbSendMsg[0m
[0m2022-01-30 12:32:46 V/: Send: MessageSvc.PbSendMsg(MessageSvc.PbSendMsg)[0m
[0m2022-01-30 12:32:46 V/: Recv: MessageSvc.PbSendMsg[0m
[0m2022-01-30 12:32:51 V/: Send: MessageSvc.PbSendMsg(MessageSvc.PbSendMsg)[0m
[0m2022-01-30 12:32:51 V/: Recv: MessageSvc.PbSendMsg[0m
[0m2022-01-30 12:32:56 V/: Send: MessageSvc.PbSendMsg(MessageSvc.PbSendMsg)[0m
[0m2022-01-30 12:32:57 V/: Recv: MessageSvc.PbSendMsg[0m
[0m2022-01-30 12:33:02 V/: Send: MessageSvc.PbSendMsg(MessageSvc.PbSendMsg)[0m
[0m2022-01-30 12:33:02 V/: Recv: MessageSvc.PbSendMsg[0m
[0m2022-01-30 12:33:07 V/: Send: MessageSvc.PbSendMsg(MessageSvc.PbSendMsg)[0m
[0m2022-01-30 12:33:07 V/: Recv: MessageSvc.PbSendMsg[0m
[0m2022-01-30 12:33:12 V/: Send: MessageSvc.PbSendMsg(MessageSvc.PbSendMsg)[0m
[0m2022-01-30 12:33:12 V/: Recv: MessageSvc.PbSendMsg[0m
[0m2022-01-30 12:33:17 V/: Send: MessageSvc.PbSendMsg(MessageSvc.PbSendMsg)[0m
[0m2022-01-30 12:33:18 V/: Recv: MessageSvc.PbSendMsg[0m
[0m2022-01-30 12:33:23 V/: Send: MessageSvc.PbSendMsg(MessageSvc.PbSendMsg)[0m
[0m2022-01-30 12:33:23 V/: Recv: MessageSvc.PbSendMsg[0m
[0m2022-01-30 12:33:28 V/: Send: MessageSvc.PbSendMsg(MessageSvc.PbSendMsg)[0m
[0m2022-01-30 12:33:29 V/: Recv: MessageSvc.PbSendMsg[0m
[0m2022-01-30 12:33:34 V/: Send: MessageSvc.PbSendMsg(MessageSvc.PbSendMsg)[0m
[0m2022-01-30 12:33:34 V/: Recv: MessageSvc.PbSendMsg[0m
[0m2022-01-30 12:33:39 V/: Send: MessageSvc.PbSendMsg(MessageSvc.PbSendMsg)[0m
[0m2022-01-30 12:33:40 V/: Recv: MessageSvc.PbSendMsg[0m
[0m2022-01-30 12:33:45 V/: Send: MessageSvc.PbSendMsg(MessageSvc.PbSendMsg)[0m
[0m2022-01-30 12:33:45 V/: Recv: MessageSvc.PbSendMsg[0m
[0m2022-01-30 12:33:50 V/: Send: MessageSvc.PbSendMsg(MessageSvc.PbSendMsg)[0m
[0m2022-01-30 12:33:50 V/: Recv: MessageSvc.PbSendMsg[0m
[0m2022-01-30 12:33:55 V/: Send: MessageSvc.PbSendMsg(MessageSvc.PbSendMsg)[0m
[0m2022-01-30 12:33:55 V/: Recv: MessageSvc.PbSendMsg[0m
[0m2022-01-30 12:34:00 V/: Send: MessageSvc.PbSendMsg(MessageSvc.PbSendMsg)[0m
[0m2022-01-30 12:34:01 V/: Recv: MessageSvc.PbSendMsg[0m
[0m2022-01-30 12:34:06 V/: Send: MessageSvc.PbSendMsg(MessageSvc.PbSendMsg)[0m
[0m2022-01-30 12:34:06 V/: Recv: MessageSvc.PbSendMsg[0m
[0m2022-01-30 12:34:11 V/: Send: MessageSvc.PbSendMsg(MessageSvc.PbSendMsg)[0m
[0m2022-01-30 12:34:11 V/: Recv: MessageSvc.PbSendMsg[0m
[0m2022-01-30 12:34:16 V/: Send: MessageSvc.PbSendMsg(MessageSvc.PbSendMsg)[0m
[0m2022-01-30 12:34:17 V/: Recv: MessageSvc.PbSendMsg[0m
[0m2022-01-30 12:34:22 V/: Send: MessageSvc.PbSendMsg(MessageSvc.PbSendMsg)[0m
[0m2022-01-30 12:34:22 V/: Recv: MessageSvc.PbSendMsg[0m
[0m2022-01-30 12:34:27 V/: Send: MessageSvc.PbSendMsg(MessageSvc.PbSendMsg)[0m
[0m2022-01-30 12:34:27 V/: Recv: MessageSvc.PbSendMsg[0m
[0m2022-01-30 12:34:32 V/: Send: MessageSvc.PbSendMsg(MessageSvc.PbSendMsg)[0m
[0m2022-01-30 12:34:33 V/: Recv: MessageSvc.PbSendMsg[0m
[0m2022-01-30 12:34:38 V/: Send: MessageSvc.PbSendMsg(MessageSvc.PbSendMsg)[0m
[0m2022-01-30 12:34:38 V/: Recv: MessageSvc.PbSendMsg[0m
[0m2022-01-30 12:34:43 V/: Send: MessageSvc.PbSendMsg(MessageSvc.PbSendMsg)[0m
[0m2022-01-30 12:34:43 V/: Recv: MessageSvc.PbSendMsg[0m
[0m2022-01-30 12:34:48 V/: Send: MessageSvc.PbSendMsg(MessageSvc.PbSendMsg)[0m
[0m2022-01-30 12:34:49 V/: Recv: MessageSvc.PbSendMsg[0m
[0m2022-01-30 12:34:54 V/: Send: MessageSvc.PbSendMsg(MessageSvc.PbSendMsg)[0m
[0m2022-01-30 12:34:54 V/: Recv: MessageSvc.PbSendMsg[0m
[0m2022-01-30 12:34:59 V/: Send: MessageSvc.PbSendMsg(MessageSvc.PbSendMsg)[0m
[0m2022-01-30 12:34:59 V/: Recv: MessageSvc.PbSendMsg[0m
[0m2022-01-30 12:35:04 V/: Send: MessageSvc.PbSendMsg(MessageSvc.PbSendMsg)[0m
[0m2022-01-30 12:35:04 V/: Recv: MessageSvc.PbSendMsg[0m
[0m2022-01-30 12:35:09 V/: Send: MessageSvc.PbSendMsg(MessageSvc.PbSendMsg)[0m
[0m2022-01-30 12:35:09 V/: Recv: MessageSvc.PbSendMsg[0m
[0m2022-01-30 12:35:14 V/: Send: MessageSvc.PbSendMsg(MessageSvc.PbSendMsg)[0m
[0m2022-01-30 12:35:15 V/: Recv: MessageSvc.PbSendMsg[0m
[0m2022-01-30 12:35:20 V/: Send: MessageSvc.PbSendMsg(MessageSvc.PbSendMsg)[0m
[0m2022-01-30 12:35:20 V/: Recv: MessageSvc.PbSendMsg[0m
[0m2022-01-30 12:35:25 V/: Send: MessageSvc.PbSendMsg(MessageSvc.PbSendMsg)[0m
[0m2022-01-30 12:35:25 V/: Recv: MessageSvc.PbSendMsg[0m
[0m2022-01-30 12:35:30 V/: Send: MessageSvc.PbSendMsg(MessageSvc.PbSendMsg)[0m
[0m2022-01-30 12:35:30 V/: Recv: MessageSvc.PbSendMsg[0m
[0m2022-01-30 12:35:35 V/: Send: MessageSvc.PbSendMsg(MessageSvc.PbSendMsg)[0m
[0m2022-01-30 12:35:36 V/: Recv: MessageSvc.PbSendMsg[0m
[0m2022-01-30 12:35:41 V/: Send: MessageSvc.PbSendMsg(MessageSvc.PbSendMsg)[0m
[0m2022-01-30 12:35:41 V/: Recv: MessageSvc.PbSendMsg[0m
[0m2022-01-30 12:35:46 V/: Send: MessageSvc.PbSendMsg(MessageSvc.PbSendMsg)[0m
[0m2022-01-30 12:35:46 V/: Recv: MessageSvc.PbSendMsg[0m
[0m2022-01-30 12:35:51 V/: Send: MessageSvc.PbSendMsg(MessageSvc.PbSendMsg)[0m
[0m2022-01-30 12:35:51 V/: Recv: MessageSvc.PbSendMsg[0m
[0m2022-01-30 12:35:56 V/: Send: MessageSvc.PbSendMsg(MessageSvc.PbSendMsg)[0m
[0m2022-01-30 12:35:56 V/: Recv: MessageSvc.PbSendMsg[0m
[0m2022-01-30 12:36:02 V/: Send: MessageSvc.PbSendMsg(MessageSvc.PbSendMsg)[0m
[0m2022-01-30 12:36:02 V/: Recv: MessageSvc.PbSendMsg[0m
[0m2022-01-30 12:36:07 V/: Send: MessageSvc.PbSendMsg(MessageSvc.PbSendMsg)[0m
[0m2022-01-30 12:36:07 V/: Recv: MessageSvc.PbSendMsg[0m
[0m2022-01-30 12:36:12 V/: Send: MessageSvc.PbSendMsg(MessageSvc.PbSendMsg)[0m
[0m2022-01-30 12:36:13 V/: Recv: MessageSvc.PbSendMsg[0m
[0m2022-01-30 12:36:18 V/: Send: MessageSvc.PbSendMsg(MessageSvc.PbSendMsg)[0m
[0m2022-01-30 12:36:18 V/: Recv: MessageSvc.PbSendMsg[0m
[0m2022-01-30 12:36:23 V/: Send: MessageSvc.PbSendMsg(MessageSvc.PbSendMsg)[0m
[0m2022-01-30 12:36:23 V/: Recv: MessageSvc.PbSendMsg[0m
[0m2022-01-30 12:36:28 V/: Send: MessageSvc.PbSendMsg(MessageSvc.PbSendMsg)[0m
[0m2022-01-30 12:36:28 V/: Recv: MessageSvc.PbSendMsg[0m
[0m2022-01-30 12:36:33 V/: Send: MessageSvc.PbSendMsg(MessageSvc.PbSendMsg)[0m
[0m2022-01-30 12:36:34 V/: Recv: MessageSvc.PbSendMsg[0m
[0m2022-01-30 12:36:39 V/: Send: MessageSvc.PbSendMsg(MessageSvc.PbSendMsg)[0m
[0m2022-01-30 12:36:39 V/: Recv: MessageSvc.PbSendMsg[0m
[0m2022-01-30 12:36:44 V/: Send: MessageSvc.PbSendMsg(MessageSvc.PbSendMsg)[0m
[0m2022-01-30 12:36:45 V/: Recv: MessageSvc.PbSendMsg[0m
[0m2022-01-30 12:36:50 V/: Send: MessageSvc.PbSendMsg(MessageSvc.PbSendMsg)[0m
[0m2022-01-30 12:36:50 V/: Recv: MessageSvc.PbSendMsg[0m
[0m2022-01-30 12:36:55 V/: Send: MessageSvc.PbSendMsg(MessageSvc.PbSendMsg)[0m
[0m2022-01-30 12:36:55 V/: Recv: MessageSvc.PbSendMsg[0m
[0m2022-01-30 12:37:00 V/: Send: MessageSvc.PbSendMsg(MessageSvc.PbSendMsg)[0m
[0m2022-01-30 12:37:00 V/: Recv: MessageSvc.PbSendMsg[0m
[0m2022-01-30 12:37:05 V/: Send: MessageSvc.PbSendMsg(MessageSvc.PbSendMsg)[0m
[0m2022-01-30 12:37:06 V/: Recv: MessageSvc.PbSendMsg[0m
[0m2022-01-30 12:37:11 V/: Send: MessageSvc.PbSendMsg(MessageSvc.PbSendMsg)[0m
[0m2022-01-30 12:37:11 V/: Recv: MessageSvc.PbSendMsg[0m
[0m2022-01-30 12:37:16 V/: Send: MessageSvc.PbSendMsg(MessageSvc.PbSendMsg)[0m
[0m2022-01-30 12:37:16 V/: Recv: MessageSvc.PbSendMsg[0m
[0m2022-01-30 12:37:21 V/: Send: MessageSvc.PbSendMsg(MessageSvc.PbSendMsg)[0m
[0m2022-01-30 12:37:21 V/: Recv: MessageSvc.PbSendMsg[0m
[0m2022-01-30 12:37:26 V/: Send: MessageSvc.PbSendMsg(MessageSvc.PbSendMsg)[0m
[0m2022-01-30 12:37:27 V/: Recv: MessageSvc.PbSendMsg[0m
[0m2022-01-30 12:37:32 V/: Send: MessageSvc.PbSendMsg(MessageSvc.PbSendMsg)[0m
[0m2022-01-30 12:37:32 V/: Recv: MessageSvc.PbSendMsg[0m
[0m2022-01-30 12:37:37 V/: Send: MessageSvc.PbSendMsg(MessageSvc.PbSendMsg)[0m
[0m2022-01-30 12:37:37 V/: Recv: MessageSvc.PbSendMsg[0m
[0m2022-01-30 12:37:42 V/: Send: MessageSvc.PbSendMsg(MessageSvc.PbSendMsg)[0m
[0m2022-01-30 12:37:43 V/: Recv: MessageSvc.PbSendMsg[0m
[0m2022-01-30 12:37:48 V/: Send: MessageSvc.PbSendMsg(MessageSvc.PbSendMsg)[0m
[0m2022-01-30 12:37:48 V/: Recv: MessageSvc.PbSendMsg[0m
[0m2022-01-30 12:37:53 V/: Send: MessageSvc.PbSendMsg(MessageSvc.PbSendMsg)[0m
[0m2022-01-30 12:37:53 V/: Recv: MessageSvc.PbSendMsg[0m
[0m2022-01-30 12:37:58 V/: Send: MessageSvc.PbSendMsg(MessageSvc.PbSendMsg)[0m
[0m2022-01-30 12:37:58 V/: Recv: MessageSvc.PbSendMsg[0m
[0m2022-01-30 12:38:03 V/: Send: MessageSvc.PbSendMsg(MessageSvc.PbSendMsg)[0m
[0m2022-01-30 12:38:04 V/: Recv: MessageSvc.PbSendMsg[0m
[0m2022-01-30 12:38:09 V/: Send: MessageSvc.PbSendMsg(MessageSvc.PbSendMsg)[0m
[0m2022-01-30 12:38:09 V/: Recv: MessageSvc.PbSendMsg[0m
[0m2022-01-30 12:38:14 V/: Send: MessageSvc.PbSendMsg(MessageSvc.PbSendMsg)[0m
[0m2022-01-30 12:38:15 V/: Recv: MessageSvc.PbSendMsg[0m
[0m2022-01-30 12:38:20 V/: Send: MessageSvc.PbSendMsg(MessageSvc.PbSendMsg)[0m
[0m2022-01-30 12:38:20 V/: Recv: MessageSvc.PbSendMsg[0m
[0m2022-01-30 12:38:25 V/: Send: MessageSvc.PbSendMsg(MessageSvc.PbSendMsg)[0m
[0m2022-01-30 12:38:25 V/: Recv: MessageSvc.PbSendMsg[0m
[0m2022-01-30 12:38:30 V/: Send: MessageSvc.PbSendMsg(MessageSvc.PbSendMsg)[0m
[0m2022-01-30 12:38:30 V/: Recv: MessageSvc.PbSendMsg[0m
[0m2022-01-30 12:38:35 V/: Send: MessageSvc.PbSendMsg(MessageSvc.PbSendMsg)[0m
[0m2022-01-30 12:38:36 V/: Recv: MessageSvc.PbSendMsg[0m
[0m2022-01-30 12:38:41 V/: Send: MessageSvc.PbSendMsg(MessageSvc.PbSendMsg)[0m
[0m2022-01-30 12:38:41 V/: Recv: MessageSvc.PbSendMsg[0m
[0m2022-01-30 12:38:46 V/: Send: MessageSvc.PbSendMsg(MessageSvc.PbSendMsg)[0m
[0m2022-01-30 12:38:47 V/: Recv: MessageSvc.PbSendMsg[0m
[0m2022-01-30 12:38:52 V/: Send: MessageSvc.PbSendMsg(MessageSvc.PbSendMsg)[0m
[0m2022-01-30 12:38:52 V/: Recv: MessageSvc.PbSendMsg[0m
[0m2022-01-30 12:38:57 V/: Send: MessageSvc.PbSendMsg(MessageSvc.PbSendMsg)[0m
[0m2022-01-30 12:38:57 V/: Recv: MessageSvc.PbSendMsg[0m
[0m2022-01-30 12:39:02 V/: Send: MessageSvc.PbSendMsg(MessageSvc.PbSendMsg)[0m
[0m2022-01-30 12:39:02 V/: Recv: MessageSvc.PbSendMsg[0m
[0m2022-01-30 12:39:07 V/: Send: MessageSvc.PbSendMsg(MessageSvc.PbSendMsg)[0m
[0m2022-01-30 12:39:07 V/: Recv: MessageSvc.PbSendMsg[0m
[0m2022-01-30 12:39:12 V/: Send: MessageSvc.PbSendMsg(MessageSvc.PbSendMsg)[0m
[0m2022-01-30 12:39:13 V/: Recv: MessageSvc.PbSendMsg[0m
[0m2022-01-30 12:39:18 V/: Send: MessageSvc.PbSendMsg(MessageSvc.PbSendMsg)[0m
[0m2022-01-30 12:39:18 V/: Recv: MessageSvc.PbSendMsg[0m
[0m2022-01-30 12:39:23 V/: Send: MessageSvc.PbSendMsg(MessageSvc.PbSendMsg)[0m
[0m2022-01-30 12:39:23 V/: Recv: MessageSvc.PbSendMsg[0m
[0m2022-01-30 12:39:28 V/: Send: MessageSvc.PbSendMsg(MessageSvc.PbSendMsg)[0m
[0m2022-01-30 12:39:28 V/: Recv: MessageSvc.PbSendMsg[0m
[0m2022-01-30 12:39:33 V/: Send: MessageSvc.PbSendMsg(MessageSvc.PbSendMsg)[0m
[0m2022-01-30 12:39:34 V/: Recv: MessageSvc.PbSendMsg[0m
[0m2022-01-30 12:39:39 V/: Send: MessageSvc.PbSendMsg(MessageSvc.PbSendMsg)[0m
[0m2022-01-30 12:39:39 V/: Recv: MessageSvc.PbSendMsg[0m
[0m2022-01-30 12:39:44 V/: Send: MessageSvc.PbSendMsg(MessageSvc.PbSendMsg)[0m
[0m2022-01-30 12:39:44 V/: Recv: MessageSvc.PbSendMsg[0m
[0m2022-01-30 12:39:49 V/: Send: MessageSvc.PbSendMsg(MessageSvc.PbSendMsg)[0m
[0m2022-01-30 12:39:49 V/: Recv: MessageSvc.PbSendMsg[0m
[0m2022-01-30 12:39:54 V/: Send: MessageSvc.PbSendMsg(MessageSvc.PbSendMsg)[0m
[0m2022-01-30 12:39:55 V/: Recv: MessageSvc.PbSendMsg[0m
[0m2022-01-30 12:40:00 V/: Send: MessageSvc.PbSendMsg(MessageSvc.PbSendMsg)[0m
[0m2022-01-30 12:40:00 V/: Recv: MessageSvc.PbSendMsg[0m
[0m2022-01-30 12:40:05 V/: Send: MessageSvc.PbSendMsg(MessageSvc.PbSendMsg)[0m
[0m2022-01-30 12:40:05 V/: Recv: MessageSvc.PbSendMsg[0m
[0m2022-01-30 12:40:10 V/: Send: MessageSvc.PbSendMsg(MessageSvc.PbSendMsg)[0m
[0m2022-01-30 12:40:11 V/: Recv: MessageSvc.PbSendMsg[0m
[0m2022-01-30 12:40:16 V/: Send: MessageSvc.PbSendMsg(MessageSvc.PbSendMsg)[0m
[0m2022-01-30 12:40:16 V/: Recv: MessageSvc.PbSendMsg[0m
[0m2022-01-30 12:40:21 V/: Send: MessageSvc.PbSendMsg(MessageSvc.PbSendMsg)[0m
[0m2022-01-30 12:40:21 V/: Recv: MessageSvc.PbSendMsg[0m
[0m2022-01-30 12:40:26 V/: Send: MessageSvc.PbSendMsg(MessageSvc.PbSendMsg)[0m
[0m2022-01-30 12:40:26 V/: Recv: MessageSvc.PbSendMsg[0m
[0m2022-01-30 12:40:31 V/: Send: MessageSvc.PbSendMsg(MessageSvc.PbSendMsg)[0m
[0m2022-01-30 12:40:32 V/: Recv: MessageSvc.PbSendMsg[0m
[0m2022-01-30 12:40:37 V/: Send: MessageSvc.PbSendMsg(MessageSvc.PbSendMsg)[0m
[0m2022-01-30 12:40:37 V/: Recv: MessageSvc.PbSendMsg[0m
[0m2022-01-30 12:40:42 V/: Send: MessageSvc.PbSendMsg(MessageSvc.PbSendMsg)[0m
[0m2022-01-30 12:40:43 V/: Recv: MessageSvc.PbSendMsg[0m
[0m2022-01-30 12:40:48 V/: Send: MessageSvc.PbSendMsg(MessageSvc.PbSendMsg)[0m
[0m2022-01-30 12:40:48 V/: Recv: MessageSvc.PbSendMsg[0m
[0m2022-01-30 12:40:53 V/: Send: MessageSvc.PbSendMsg(MessageSvc.PbSendMsg)[0m
[0m2022-01-30 12:40:53 V/: Recv: MessageSvc.PbSendMsg[0m
[0m2022-01-30 12:40:58 V/: Send: MessageSvc.PbSendMsg(MessageSvc.PbSendMsg)[0m
[0m2022-01-30 12:40:58 V/: Recv: MessageSvc.PbSendMsg[0m
[0m2022-01-30 12:41:03 V/: Send: MessageSvc.PbSendMsg(MessageSvc.PbSendMsg)[0m
[0m2022-01-30 12:41:04 V/: Recv: MessageSvc.PbSendMsg[0m
[0m2022-01-30 12:41:09 V/: Send: MessageSvc.PbSendMsg(MessageSvc.PbSendMsg)[0m
[0m2022-01-30 12:41:09 V/: Recv: MessageSvc.PbSendMsg[0m
[0m2022-01-30 12:41:14 V/: Send: MessageSvc.PbSendMsg(MessageSvc.PbSendMsg)[0m
[0m2022-01-30 12:41:14 V/: Recv: MessageSvc.PbSendMsg[0m
[0m2022-01-30 12:41:19 V/: Send: MessageSvc.PbSendMsg(MessageSvc.PbSendMsg)[0m
[0m2022-01-30 12:41:20 V/: Recv: MessageSvc.PbSendMsg[0m
[0m2022-01-30 12:41:25 V/: Send: MessageSvc.PbSendMsg(MessageSvc.PbSendMsg)[0m
[0m2022-01-30 12:41:25 V/: Recv: MessageSvc.PbSendMsg[0m
[0m2022-01-30 12:41:30 V/: Send: MessageSvc.PbSendMsg(MessageSvc.PbSendMsg)[0m
[0m2022-01-30 12:41:30 V/: Recv: MessageSvc.PbSendMsg[0m
[0m2022-01-30 12:41:35 V/: Send: MessageSvc.PbSendMsg(MessageSvc.PbSendMsg)[0m
[0m2022-01-30 12:41:35 V/: Recv: MessageSvc.PbSendMsg[0m
[0m2022-01-30 12:41:40 V/: Send: MessageSvc.PbSendMsg(MessageSvc.PbSendMsg)[0m
[0m2022-01-30 12:41:41 V/: Recv: MessageSvc.PbSendMsg[0m
[0m2022-01-30 12:41:46 V/: Send: MessageSvc.PbSendMsg(MessageSvc.PbSendMsg)[0m
[0m2022-01-30 12:41:46 V/: Recv: MessageSvc.PbSendMsg[0m
[0m2022-01-30 12:41:51 V/: Send: MessageSvc.PbSendMsg(MessageSvc.PbSendMsg)[0m
[0m2022-01-30 12:41:51 V/: Recv: MessageSvc.PbSendMsg[0m
[0m2022-01-30 12:41:56 V/: Send: MessageSvc.PbSendMsg(MessageSvc.PbSendMsg)[0m
[0m2022-01-30 12:41:57 V/: Recv: MessageSvc.PbSendMsg[0m
[0m2022-01-30 12:42:02 V/: Send: MessageSvc.PbSendMsg(MessageSvc.PbSendMsg)[0m
[0m2022-01-30 12:42:02 V/: Recv: MessageSvc.PbSendMsg[0m
[0m2022-01-30 12:42:07 V/: Send: MessageSvc.PbSendMsg(MessageSvc.PbSendMsg)[0m
[0m2022-01-30 12:42:07 V/: Recv: MessageSvc.PbSendMsg[0m
[0m2022-01-30 12:42:12 V/: Send: MessageSvc.PbSendMsg(MessageSvc.PbSendMsg)[0m
[0m2022-01-30 12:42:12 V/: Recv: MessageSvc.PbSendMsg[0m
[0m2022-01-30 12:42:17 V/: Send: MessageSvc.PbSendMsg(MessageSvc.PbSendMsg)[0m
[0m2022-01-30 12:42:18 V/: Recv: MessageSvc.PbSendMsg[0m
[0m2022-01-30 12:42:23 V/: Send: MessageSvc.PbSendMsg(MessageSvc.PbSendMsg)[0m
[0m2022-01-30 12:42:23 V/: Recv: MessageSvc.PbSendMsg[0m
[0m2022-01-30 12:42:28 V/: Send: MessageSvc.PbSendMsg(MessageSvc.PbSendMsg)[0m
[0m2022-01-30 12:42:28 V/: Recv: MessageSvc.PbSendMsg[0m
[0m2022-01-30 12:42:33 V/: Send: MessageSvc.PbSendMsg(MessageSvc.PbSendMsg)[0m
[0m2022-01-30 12:42:34 V/: Recv: MessageSvc.PbSendMsg[0m
[0m2022-01-30 12:42:39 V/: Send: MessageSvc.PbSendMsg(MessageSvc.PbSendMsg)[0m
[0m2022-01-30 12:42:39 V/: Recv: MessageSvc.PbSendMsg[0m
[0m2022-01-30 12:42:44 V/: Send: MessageSvc.PbSendMsg(MessageSvc.PbSendMsg)[0m
[0m2022-01-30 12:42:44 V/: Recv: MessageSvc.PbSendMsg[0m
[0m2022-01-30 12:42:49 V/: Send: MessageSvc.PbSendMsg(MessageSvc.PbSendMsg)[0m
[0m2022-01-30 12:42:49 V/: Recv: MessageSvc.PbSendMsg[0m
[0m2022-01-30 12:42:54 V/: Send: MessageSvc.PbSendMsg(MessageSvc.PbSendMsg)[0m
[0m2022-01-30 12:42:55 V/: Recv: MessageSvc.PbSendMsg[0m
[0m2022-01-30 12:43:00 V/: Send: MessageSvc.PbSendMsg(MessageSvc.PbSendMsg)[0m
[0m2022-01-30 12:43:00 V/: Recv: MessageSvc.PbSendMsg[0m
[0m2022-01-30 12:43:05 V/: Send: MessageSvc.PbSendMsg(MessageSvc.PbSendMsg)[0m
[0m2022-01-30 12:43:05 V/: Recv: MessageSvc.PbSendMsg[0m
[0m2022-01-30 12:43:10 V/: Send: MessageSvc.PbSendMsg(MessageSvc.PbSendMsg)[0m
[0m2022-01-30 12:43:11 V/: Recv: MessageSvc.PbSendMsg[0m
[0m2022-01-30 12:43:16 V/: Send: MessageSvc.PbSendMsg(MessageSvc.PbSendMsg)[0m
[0m2022-01-30 12:43:16 V/: Recv: MessageSvc.PbSendMsg[0m
[0m2022-01-30 12:43:21 V/: Send: MessageSvc.PbSendMsg(MessageSvc.PbSendMsg)[0m
[0m2022-01-30 12:43:21 V/: Recv: MessageSvc.PbSendMsg[0m
[0m2022-01-30 12:43:26 V/: Send: MessageSvc.PbSendMsg(MessageSvc.PbSendMsg)[0m
[0m2022-01-30 12:43:26 V/: Recv: MessageSvc.PbSendMsg[0m
[0m2022-01-30 12:43:31 V/: Send: MessageSvc.PbSendMsg(MessageSvc.PbSendMsg)[0m
[0m2022-01-30 12:43:32 V/: Recv: MessageSvc.PbSendMsg[0m
[0m2022-01-30 12:43:37 V/: Send: MessageSvc.PbSendMsg(MessageSvc.PbSendMsg)[0m
[0m2022-01-30 12:43:37 V/: Recv: MessageSvc.PbSendMsg[0m
[0m2022-01-30 12:43:42 V/: Send: MessageSvc.PbSendMsg(MessageSvc.PbSendMsg)[0m
[0m2022-01-30 12:43:42 V/: Recv: MessageSvc.PbSendMsg[0m
[0m2022-01-30 12:43:47 V/: Send: MessageSvc.PbSendMsg(MessageSvc.PbSendMsg)[0m
[0m2022-01-30 12:43:48 V/: Recv: MessageSvc.PbSendMsg[0m
[0m2022-01-30 12:43:53 V/: Send: MessageSvc.PbSendMsg(MessageSvc.PbSendMsg)[0m
[0m2022-01-30 12:43:53 V/: Recv: MessageSvc.PbSendMsg[0m
[0m2022-01-30 12:43:58 V/: Send: MessageSvc.PbSendMsg(MessageSvc.PbSendMsg)[0m
[0m2022-01-30 12:43:58 V/: Recv: MessageSvc.PbSendMsg[0m
[0m2022-01-30 12:44:03 V/: Send: MessageSvc.PbSendMsg(MessageSvc.PbSendMsg)[0m
[0m2022-01-30 12:44:03 V/: Recv: MessageSvc.PbSendMsg[0m
[0m2022-01-30 12:44:08 V/: Send: MessageSvc.PbSendMsg(MessageSvc.PbSendMsg)[0m
[0m2022-01-30 12:44:09 V/: Recv: MessageSvc.PbSendMsg[0m
[0m2022-01-30 12:44:14 V/: Send: MessageSvc.PbSendMsg(MessageSvc.PbSendMsg)[0m
[0m2022-01-30 12:44:14 V/: Recv: MessageSvc.PbSendMsg[0m
[0m2022-01-30 12:44:19 V/: Send: MessageSvc.PbSendMsg(MessageSvc.PbSendMsg)[0m
[0m2022-01-30 12:44:19 V/: Recv: MessageSvc.PbSendMsg[0m
[0m2022-01-30 12:44:24 V/: Send: MessageSvc.PbSendMsg(MessageSvc.PbSendMsg)[0m
[0m2022-01-30 12:44:25 V/: Recv: MessageSvc.PbSendMsg[0m
[0m2022-01-30 12:44:30 V/: Send: MessageSvc.PbSendMsg(MessageSvc.PbSendMsg)[0m
[0m2022-01-30 12:44:30 V/: Recv: MessageSvc.PbSendMsg[0m
[0m2022-01-30 12:44:35 V/: Send: MessageSvc.PbSendMsg(MessageSvc.PbSendMsg)[0m
[0m2022-01-30 12:44:35 V/: Recv: MessageSvc.PbSendMsg[0m
[0m2022-01-30 12:44:40 V/: Send: MessageSvc.PbSendMsg(MessageSvc.PbSendMsg)[0m
[0m2022-01-30 12:44:40 V/: Recv: MessageSvc.PbSendMsg[0m
[0m2022-01-30 12:44:45 V/: Send: MessageSvc.PbSendMsg(MessageSvc.PbSendMsg)[0m
[0m2022-01-30 12:44:46 V/: Recv: MessageSvc.PbSendMsg[0m
[0m2022-01-30 12:44:51 V/: Send: MessageSvc.PbSendMsg(MessageSvc.PbSendMsg)[0m
[0m2022-01-30 12:44:51 V/: Recv: MessageSvc.PbSendMsg[0m
[0m2022-01-30 12:44:56 V/: Send: MessageSvc.PbSendMsg(MessageSvc.PbSendMsg)[0m
[0m2022-01-30 12:44:56 V/: Recv: MessageSvc.PbSendMsg[0m
[0m2022-01-30 12:45:01 V/: Send: MessageSvc.PbSendMsg(MessageSvc.PbSendMsg)[0m
[0m2022-01-30 12:45:02 V/: Recv: MessageSvc.PbSendMsg[0m
[0m2022-01-30 12:45:07 V/: Send: MessageSvc.PbSendMsg(MessageSvc.PbSendMsg)[0m
[0m2022-01-30 12:45:07 V/: Recv: MessageSvc.PbSendMsg[0m
[0m2022-01-30 12:45:12 V/: Send: MessageSvc.PbSendMsg(MessageSvc.PbSendMsg)[0m
[0m2022-01-30 12:45:12 V/: Recv: MessageSvc.PbSendMsg[0m
[0m2022-01-30 12:45:17 V/: Send: MessageSvc.PbSendMsg(MessageSvc.PbSendMsg)[0m
[0m2022-01-30 12:45:17 V/: Recv: MessageSvc.PbSendMsg[0m
[0m2022-01-30 12:45:22 V/: Send: MessageSvc.PbSendMsg(MessageSvc.PbSendMsg)[0m
[0m2022-01-30 12:45:23 V/: Recv: MessageSvc.PbSendMsg[0m
[0m2022-01-30 12:45:28 V/: Send: MessageSvc.PbSendMsg(MessageSvc.PbSendMsg)[0m
[0m2022-01-30 12:45:28 V/: Recv: MessageSvc.PbSendMsg[0m
[0m2022-01-30 12:45:33 V/: Send: MessageSvc.PbSendMsg(MessageSvc.PbSendMsg)[0m
[0m2022-01-30 12:45:33 V/: Recv: MessageSvc.PbSendMsg[0m
[0m2022-01-30 12:45:38 V/: Send: MessageSvc.PbSendMsg(MessageSvc.PbSendMsg)[0m
[0m2022-01-30 12:45:39 V/: Recv: MessageSvc.PbSendMsg[0m
[0m2022-01-30 12:45:44 V/: Send: MessageSvc.PbSendMsg(MessageSvc.PbSendMsg)[0m
[0m2022-01-30 12:45:44 V/: Recv: MessageSvc.PbSendMsg[0m
[0m2022-01-30 12:45:49 V/: Send: MessageSvc.PbSendMsg(MessageSvc.PbSendMsg)[0m
[0m2022-01-30 12:45:49 V/: Recv: MessageSvc.PbSendMsg[0m
[0m2022-01-30 12:45:54 V/: Send: MessageSvc.PbSendMsg(MessageSvc.PbSendMsg)[0m
[0m2022-01-30 12:45:54 V/: Recv: MessageSvc.PbSendMsg[0m
[0m2022-01-30 12:45:59 V/: Send: MessageSvc.PbSendMsg(MessageSvc.PbSendMsg)[0m
[0m2022-01-30 12:45:59 V/: Recv: MessageSvc.PbSendMsg[0m
[0m2022-01-30 12:46:05 V/: Send: MessageSvc.PbSendMsg(MessageSvc.PbSendMsg)[0m
[0m2022-01-30 12:46:05 V/: Recv: MessageSvc.PbSendMsg[0m
[0m2022-01-30 12:46:10 V/: Send: MessageSvc.PbSendMsg(MessageSvc.PbSendMsg)[0m
[0m2022-01-30 12:46:10 V/: Recv: MessageSvc.PbSendMsg[0m
[0m2022-01-30 12:46:15 V/: Send: MessageSvc.PbSendMsg(MessageSvc.PbSendMsg)[0m
[0m2022-01-30 12:46:15 V/: Recv: MessageSvc.PbSendMsg[0m
[0m2022-01-30 12:46:20 V/: Send: MessageSvc.PbSendMsg(MessageSvc.PbSendMsg)[0m
[0m2022-01-30 12:46:21 V/: Recv: MessageSvc.PbSendMsg[0m
[0m2022-01-30 12:46:26 V/: Send: MessageSvc.PbSendMsg(MessageSvc.PbSendMsg)[0m
[0m2022-01-30 12:46:26 V/: Recv: MessageSvc.PbSendMsg[0m
[0m2022-01-30 12:46:31 V/: Send: MessageSvc.PbSendMsg(MessageSvc.PbSendMsg)[0m
[0m2022-01-30 12:46:31 V/: Recv: MessageSvc.PbSendMsg[0m
[0m2022-01-30 12:46:36 V/: Send: MessageSvc.PbSendMsg(MessageSvc.PbSendMsg)[0m
[0m2022-01-30 12:46:36 V/: Recv: MessageSvc.PbSendMsg[0m
[0m2022-01-30 12:46:41 V/: Send: MessageSvc.PbSendMsg(MessageSvc.PbSendMsg)[0m
[0m2022-01-30 12:46:41 V/: Recv: MessageSvc.PbSendMsg[0m
[0m2022-01-30 12:46:47 V/: Send: MessageSvc.PbSendMsg(MessageSvc.PbSendMsg)[0m
[0m2022-01-30 12:46:47 V/: Recv: MessageSvc.PbSendMsg[0m
[0m2022-01-30 12:46:52 V/: Send: MessageSvc.PbSendMsg(MessageSvc.PbSendMsg)[0m
[0m2022-01-30 12:46:52 V/: Recv: MessageSvc.PbSendMsg[0m
[0m2022-01-30 12:46:57 V/: Send: MessageSvc.PbSendMsg(MessageSvc.PbSendMsg)[0m
[0m2022-01-30 12:46:57 V/: Recv: MessageSvc.PbSendMsg[0m
[0m2022-01-30 12:47:02 V/: Send: MessageSvc.PbSendMsg(MessageSvc.PbSendMsg)[0m
[0m2022-01-30 12:47:03 V/: Recv: MessageSvc.PbSendMsg[0m
[0m2022-01-30 12:47:08 V/: Send: MessageSvc.PbSendMsg(MessageSvc.PbSendMsg)[0m
[0m2022-01-30 12:47:08 V/: Recv: MessageSvc.PbSendMsg[0m
[0m2022-01-30 12:47:13 V/: Send: MessageSvc.PbSendMsg(MessageSvc.PbSendMsg)[0m
[0m2022-01-30 12:47:13 V/: Recv: MessageSvc.PbSendMsg[0m
[0m2022-01-30 12:47:18 V/: Send: MessageSvc.PbSendMsg(MessageSvc.PbSendMsg)[0m
[0m2022-01-30 12:47:18 V/: Recv: MessageSvc.PbSendMsg[0m
[0m2022-01-30 12:47:23 V/: Send: MessageSvc.PbSendMsg(MessageSvc.PbSendMsg)[0m
[0m2022-01-30 12:47:23 V/: Recv: MessageSvc.PbSendMsg[0m
[0m2022-01-30 12:47:29 V/: Send: MessageSvc.PbSendMsg(MessageSvc.PbSendMsg)[0m
[0m2022-01-30 12:47:29 V/: Recv: MessageSvc.PbSendMsg[0m
[0m2022-01-30 12:47:34 V/: Send: MessageSvc.PbSendMsg(MessageSvc.PbSendMsg)[0m
[0m2022-01-30 12:47:34 V/: Recv: MessageSvc.PbSendMsg[0m
[0m2022-01-30 12:47:39 V/: Send: MessageSvc.PbSendMsg(MessageSvc.PbSendMsg)[0m
[0m2022-01-30 12:47:39 V/: Recv: MessageSvc.PbSendMsg[0m
[0m2022-01-30 12:47:44 V/: Send: MessageSvc.PbSendMsg(MessageSvc.PbSendMsg)[0m
[0m2022-01-30 12:47:45 V/: Recv: MessageSvc.PbSendMsg[0m
[0m2022-01-30 12:47:50 V/: Send: MessageSvc.PbSendMsg(MessageSvc.PbSendMsg)[0m
[0m2022-01-30 12:47:50 V/: Recv: MessageSvc.PbSendMsg[0m
[0m2022-01-30 12:47:55 V/: Send: MessageSvc.PbSendMsg(MessageSvc.PbSendMsg)[0m
[0m2022-01-30 12:47:55 V/: Recv: MessageSvc.PbSendMsg[0m
[0m2022-01-30 12:48:00 V/: Send: MessageSvc.PbSendMsg(MessageSvc.PbSendMsg)[0m
[0m2022-01-30 12:48:00 V/: Recv: MessageSvc.PbSendMsg[0m
[0m2022-01-30 12:48:06 V/: Send: MessageSvc.PbSendMsg(MessageSvc.PbSendMsg)[0m
[0m2022-01-30 12:48:06 V/: Recv: MessageSvc.PbSendMsg[0m
[0m2022-01-30 12:48:11 V/: Send: MessageSvc.PbSendMsg(MessageSvc.PbSendMsg)[0m
[0m2022-01-30 12:48:11 V/: Recv: MessageSvc.PbSendMsg[0m
[0m2022-01-30 12:48:16 V/: Send: MessageSvc.PbSendMsg(MessageSvc.PbSendMsg)[0m
[0m2022-01-30 12:48:16 V/: Recv: MessageSvc.PbSendMsg[0m
[0m2022-01-30 12:48:21 V/: Send: MessageSvc.PbSendMsg(MessageSvc.PbSendMsg)[0m
[0m2022-01-30 12:48:22 V/: Recv: MessageSvc.PbSendMsg[0m
[0m2022-01-30 12:48:27 V/: Send: MessageSvc.PbSendMsg(MessageSvc.PbSendMsg)[0m
[0m2022-01-30 12:48:27 V/: Recv: MessageSvc.PbSendMsg[0m
[0m2022-01-30 12:48:32 V/: Send: MessageSvc.PbSendMsg(MessageSvc.PbSendMsg)[0m
[0m2022-01-30 12:48:32 V/: Recv: MessageSvc.PbSendMsg[0m
[0m2022-01-30 12:48:37 V/: Send: MessageSvc.PbSendMsg(MessageSvc.PbSendMsg)[0m
[0m2022-01-30 12:48:38 V/: Recv: MessageSvc.PbSendMsg[0m
[0m2022-01-30 12:48:43 V/: Send: MessageSvc.PbSendMsg(MessageSvc.PbSendMsg)[0m
[0m2022-01-30 12:48:43 V/: Recv: MessageSvc.PbSendMsg[0m
[0m2022-01-30 12:48:48 V/: Send: MessageSvc.PbSendMsg(MessageSvc.PbSendMsg)[0m
[0m2022-01-30 12:48:48 V/: Recv: MessageSvc.PbSendMsg[0m
[0m2022-01-30 12:48:53 V/: Send: MessageSvc.PbSendMsg(MessageSvc.PbSendMsg)[0m
[0m2022-01-30 12:48:54 V/: Recv: MessageSvc.PbSendMsg[0m
[0m2022-01-30 12:48:59 V/: Send: MessageSvc.PbSendMsg(MessageSvc.PbSendMsg)[0m
[0m2022-01-30 12:48:59 V/: Recv: MessageSvc.PbSendMsg[0m
[0m2022-01-30 12:49:04 V/: Send: MessageSvc.PbSendMsg(MessageSvc.PbSendMsg)[0m
[0m2022-01-30 12:49:04 V/: Recv: MessageSvc.PbSendMsg[0m
[0m2022-01-30 12:49:09 V/: Send: MessageSvc.PbSendMsg(MessageSvc.PbSendMsg)[0m
[0m2022-01-30 12:49:09 V/: Recv: MessageSvc.PbSendMsg[0m
[0m2022-01-30 12:49:14 V/: Send: MessageSvc.PbSendMsg(MessageSvc.PbSendMsg)[0m
[0m2022-01-30 12:49:14 V/: Recv: MessageSvc.PbSendMsg[0m
[0m2022-01-30 12:49:19 V/: Send: MessageSvc.PbSendMsg(MessageSvc.PbSendMsg)[0m
[0m2022-01-30 12:49:20 V/: Recv: MessageSvc.PbSendMsg[0m
[0m2022-01-30 12:49:25 V/: Send: MessageSvc.PbSendMsg(MessageSvc.PbSendMsg)[0m
[0m2022-01-30 12:49:25 V/: Recv: MessageSvc.PbSendMsg[0m
[0m2022-01-30 12:49:30 V/: Send: MessageSvc.PbSendMsg(MessageSvc.PbSendMsg)[0m
[0m2022-01-30 12:49:30 V/: Recv: MessageSvc.PbSendMsg[0m
[0m2022-01-30 12:49:35 V/: Send: MessageSvc.PbSendMsg(MessageSvc.PbSendMsg)[0m
[0m2022-01-30 12:49:36 V/: Recv: MessageSvc.PbSendMsg[0m
[0m2022-01-30 12:49:41 V/: Send: MessageSvc.PbSendMsg(MessageSvc.PbSendMsg)[0m
[0m2022-01-30 12:49:41 V/: Recv: MessageSvc.PbSendMsg[0m
[0m2022-01-30 12:49:46 V/: Send: MessageSvc.PbSendMsg(MessageSvc.PbSendMsg)[0m
[0m2022-01-30 12:49:46 V/: Recv: MessageSvc.PbSendMsg[0m
[0m2022-01-30 12:49:51 V/: Send: MessageSvc.PbSendMsg(MessageSvc.PbSendMsg)[0m
[0m2022-01-30 12:49:51 V/: Recv: MessageSvc.PbSendMsg[0m
[0m2022-01-30 12:49:56 V/: Send: MessageSvc.PbSendMsg(MessageSvc.PbSendMsg)[0m
[0m2022-01-30 12:49:56 V/: Recv: MessageSvc.PbSendMsg[0m
[0m2022-01-30 12:50:01 V/: Send: MessageSvc.PbSendMsg(MessageSvc.PbSendMsg)[0m
[0m2022-01-30 12:50:02 V/: Recv: MessageSvc.PbSendMsg[0m
[0m2022-01-30 12:50:07 V/: Send: MessageSvc.PbSendMsg(MessageSvc.PbSendMsg)[0m
[0m2022-01-30 12:50:07 V/: Recv: MessageSvc.PbSendMsg[0m
[0m2022-01-30 12:50:12 V/: Send: MessageSvc.PbSendMsg(MessageSvc.PbSendMsg)[0m
[0m2022-01-30 12:50:12 V/: Recv: MessageSvc.PbSendMsg[0m
[0m2022-01-30 12:50:17 V/: Send: MessageSvc.PbSendMsg(MessageSvc.PbSendMsg)[0m
[0m2022-01-30 12:50:18 V/: Recv: MessageSvc.PbSendMsg[0m
[0m2022-01-30 12:50:23 V/: Send: MessageSvc.PbSendMsg(MessageSvc.PbSendMsg)[0m
[0m2022-01-30 12:50:23 V/: Recv: MessageSvc.PbSendMsg[0m
[0m2022-01-30 12:50:28 V/: Send: MessageSvc.PbSendMsg(MessageSvc.PbSendMsg)[0m
[0m2022-01-30 12:50:28 V/: Recv: MessageSvc.PbSendMsg[0m
[0m2022-01-30 12:50:33 V/: Send: MessageSvc.PbSendMsg(MessageSvc.PbSendMsg)[0m
[0m2022-01-30 12:50:34 V/: Recv: MessageSvc.PbSendMsg[0m
[0m2022-01-30 12:50:39 V/: Send: MessageSvc.PbSendMsg(MessageSvc.PbSendMsg)[0m
[0m2022-01-30 12:50:39 V/: Recv: MessageSvc.PbSendMsg[0m
[0m2022-01-30 12:50:44 V/: Send: MessageSvc.PbSendMsg(MessageSvc.PbSendMsg)[0m
[0m2022-01-30 12:50:44 V/: Recv: MessageSvc.PbSendMsg[0m
[0m2022-01-30 12:50:49 V/: Send: MessageSvc.PbSendMsg(MessageSvc.PbSendMsg)[0m
[0m2022-01-30 12:50:49 V/: Recv: MessageSvc.PbSendMsg[0m
[0m2022-01-30 12:50:54 V/: Send: MessageSvc.PbSendMsg(MessageSvc.PbSendMsg)[0m
[0m2022-01-30 12:50:54 V/: Recv: MessageSvc.PbSendMsg[0m
[0m2022-01-30 12:50:59 V/: Send: MessageSvc.PbSendMsg(MessageSvc.PbSendMsg)[0m
[0m2022-01-30 12:51:00 V/: Recv: MessageSvc.PbSendMsg[0m
[0m2022-01-30 12:51:05 V/: Send: MessageSvc.PbSendMsg(MessageSvc.PbSendMsg)[0m
[0m2022-01-30 12:51:05 V/: Recv: MessageSvc.PbSendMsg[0m
[0m2022-01-30 12:51:10 V/: Send: MessageSvc.PbSendMsg(MessageSvc.PbSendMsg)[0m
[0m2022-01-30 12:51:10 V/: Recv: MessageSvc.PbSendMsg[0m
[0m2022-01-30 12:51:15 V/: Send: MessageSvc.PbSendMsg(MessageSvc.PbSendMsg)[0m
[0m2022-01-30 12:51:16 V/: Recv: MessageSvc.PbSendMsg[0m
[0m2022-01-30 12:51:21 V/: Send: MessageSvc.PbSendMsg(MessageSvc.PbSendMsg)[0m
[0m2022-01-30 12:51:21 V/: Recv: MessageSvc.PbSendMsg[0m
[0m2022-01-30 12:51:26 V/: Send: MessageSvc.PbSendMsg(MessageSvc.PbSendMsg)[0m
[0m2022-01-30 12:51:26 V/: Recv: MessageSvc.PbSendMsg[0m
[0m2022-01-30 12:51:31 V/: Send: MessageSvc.PbSendMsg(MessageSvc.PbSendMsg)[0m
[0m2022-01-30 12:51:31 V/: Recv: MessageSvc.PbSendMsg[0m
[0m2022-01-30 12:51:36 V/: Send: MessageSvc.PbSendMsg(MessageSvc.PbSendMsg)[0m
[0m2022-01-30 12:51:37 V/: Recv: MessageSvc.PbSendMsg[0m
[0m2022-01-30 12:51:42 V/: Send: MessageSvc.PbSendMsg(MessageSvc.PbSendMsg)[0m
[0m2022-01-30 12:51:42 V/: Recv: MessageSvc.PbSendMsg[0m
[0m2022-01-30 12:51:47 V/: Send: MessageSvc.PbSendMsg(MessageSvc.PbSendMsg)[0m
[0m2022-01-30 12:51:47 V/: Recv: MessageSvc.PbSendMsg[0m
[0m2022-01-30 12:51:52 V/: Send: MessageSvc.PbSendMsg(MessageSvc.PbSendMsg)[0m
[0m2022-01-30 12:51:52 V/: Recv: MessageSvc.PbSendMsg[0m
[0m2022-01-30 12:51:57 V/: Send: MessageSvc.PbSendMsg(MessageSvc.PbSendMsg)[0m
[0m2022-01-30 12:51:57 V/: Recv: MessageSvc.PbSendMsg[0m
[0m2022-01-30 12:52:02 V/: Send: MessageSvc.PbSendMsg(MessageSvc.PbSendMsg)[0m
[0m2022-01-30 12:52:03 V/: Recv: MessageSvc.PbSendMsg[0m
[0m2022-01-30 12:52:08 V/: Send: MessageSvc.PbSendMsg(MessageSvc.PbSendMsg)[0m
[0m2022-01-30 12:52:08 V/: Recv: MessageSvc.PbSendMsg[0m
[0m2022-01-30 12:52:13 V/: Send: MessageSvc.PbSendMsg(MessageSvc.PbSendMsg)[0m
[0m2022-01-30 12:52:13 V/: Recv: MessageSvc.PbSendMsg[0m
[0m2022-01-30 12:52:18 V/: Send: MessageSvc.PbSendMsg(MessageSvc.PbSendMsg)[0m
[0m2022-01-30 12:52:18 V/: Recv: MessageSvc.PbSendMsg[0m
[0m2022-01-30 12:52:23 V/: Send: MessageSvc.PbSendMsg(MessageSvc.PbSendMsg)[0m
[0m2022-01-30 12:52:24 V/: Recv: MessageSvc.PbSendMsg[0m
[0m2022-01-30 12:52:29 V/: Send: MessageSvc.PbSendMsg(MessageSvc.PbSendMsg)[0m
[0m2022-01-30 12:52:29 V/: Recv: MessageSvc.PbSendMsg[0m
[0m2022-01-30 12:52:34 V/: Send: MessageSvc.PbSendMsg(MessageSvc.PbSendMsg)[0m
[0m2022-01-30 12:52:34 V/: Recv: MessageSvc.PbSendMsg[0m
[0m2022-01-30 12:52:39 V/: Send: MessageSvc.PbSendMsg(MessageSvc.PbSendMsg)[0m
[0m2022-01-30 12:52:39 V/: Recv: MessageSvc.PbSendMsg[0m
[0m2022-01-30 12:52:45 V/: Send: MessageSvc.PbSendMsg(MessageSvc.PbSendMsg)[0m
[0m2022-01-30 12:52:45 V/: Recv: MessageSvc.PbSendMsg[0m
[0m2022-01-30 12:52:50 V/: Send: MessageSvc.PbSendMsg(MessageSvc.PbSendMsg)[0m
[0m2022-01-30 12:52:50 V/: Recv: MessageSvc.PbSendMsg[0m
[0m2022-01-30 12:52:55 V/: Send: MessageSvc.PbSendMsg(MessageSvc.PbSendMsg)[0m
[0m2022-01-30 12:52:55 V/: Recv: MessageSvc.PbSendMsg[0m
[0m2022-01-30 12:53:00 V/: Send: MessageSvc.PbSendMsg(MessageSvc.PbSendMsg)[0m
[0m2022-01-30 12:53:01 V/: Recv: MessageSvc.PbSendMsg[0m
[0m2022-01-30 12:53:06 V/: Send: MessageSvc.PbSendMsg(MessageSvc.PbSendMsg)[0m
[0m2022-01-30 12:53:06 V/: Recv: MessageSvc.PbSendMsg[0m
[0m2022-01-30 12:53:11 V/: Send: MessageSvc.PbSendMsg(MessageSvc.PbSendMsg)[0m
[0m2022-01-30 12:53:11 V/: Recv: MessageSvc.PbSendMsg[0m
[0m2022-01-30 12:53:16 V/: Send: MessageSvc.PbSendMsg(MessageSvc.PbSendMsg)[0m
[0m2022-01-30 12:53:16 V/: Recv: MessageSvc.PbSendMsg[0m
[0m2022-01-30 12:53:21 V/: Send: MessageSvc.PbSendMsg(MessageSvc.PbSendMsg)[0m
[0m2022-01-30 12:53:22 V/: Recv: MessageSvc.PbSendMsg[0m
[0m2022-01-30 12:53:27 V/: Send: MessageSvc.PbSendMsg(MessageSvc.PbSendMsg)[0m
[0m2022-01-30 12:53:27 V/: Recv: MessageSvc.PbSendMsg[0m
[0m2022-01-30 12:53:32 V/: Send: MessageSvc.PbSendMsg(MessageSvc.PbSendMsg)[0m
[0m2022-01-30 12:53:32 V/: Recv: MessageSvc.PbSendMsg[0m
[0m2022-01-30 12:53:37 V/: Send: MessageSvc.PbSendMsg(MessageSvc.PbSendMsg)[0m
[0m2022-01-30 12:53:38 V/: Recv: MessageSvc.PbSendMsg[0m
[0m2022-01-30 12:53:43 V/: Send: MessageSvc.PbSendMsg(MessageSvc.PbSendMsg)[0m
[0m2022-01-30 12:53:43 V/: Recv: MessageSvc.PbSendMsg[0m
[0m2022-01-30 12:53:48 V/: Send: MessageSvc.PbSendMsg(MessageSvc.PbSendMsg)[0m
[0m2022-01-30 12:53:48 V/: Recv: MessageSvc.PbSendMsg[0m
[0m2022-01-30 12:53:53 V/: Send: MessageSvc.PbSendMsg(MessageSvc.PbSendMsg)[0m
[0m2022-01-30 12:53:54 V/: Recv: MessageSvc.PbSendMsg[0m
[0m2022-01-30 12:53:59 V/: Send: MessageSvc.PbSendMsg(MessageSvc.PbSendMsg)[0m
[0m2022-01-30 12:53:59 V/: Recv: MessageSvc.PbSendMsg[0m
[0m2022-01-30 12:54:04 V/: Send: MessageSvc.PbSendMsg(MessageSvc.PbSendMsg)[0m
[0m2022-01-30 12:54:04 V/: Recv: MessageSvc.PbSendMsg[0m
[0m2022-01-30 12:54:09 V/: Send: MessageSvc.PbSendMsg(MessageSvc.PbSendMsg)[0m
[0m2022-01-30 12:54:09 V/: Recv: MessageSvc.PbSendMsg[0m
[0m2022-01-30 12:54:14 V/: Send: MessageSvc.PbSendMsg(MessageSvc.PbSendMsg)[0m
[0m2022-01-30 12:54:15 V/: Recv: MessageSvc.PbSendMsg[0m
[0m2022-01-30 12:54:20 V/: Send: MessageSvc.PbSendMsg(MessageSvc.PbSendMsg)[0m
[0m2022-01-30 12:54:20 V/: Recv: MessageSvc.PbSendMsg[0m
[0m2022-01-30 12:54:25 V/: Send: MessageSvc.PbSendMsg(MessageSvc.PbSendMsg)[0m
[0m2022-01-30 12:54:26 V/: Recv: MessageSvc.PbSendMsg[0m
[0m2022-01-30 12:54:31 V/: Send: MessageSvc.PbSendMsg(MessageSvc.PbSendMsg)[0m
[0m2022-01-30 12:54:31 V/: Recv: MessageSvc.PbSendMsg[0m
[0m2022-01-30 12:54:36 V/: Send: MessageSvc.PbSendMsg(MessageSvc.PbSendMsg)[0m
[0m2022-01-30 12:54:36 V/: Recv: MessageSvc.PbSendMsg[0m
[0m2022-01-30 12:54:41 V/: Send: MessageSvc.PbSendMsg(MessageSvc.PbSendMsg)[0m
[0m2022-01-30 12:54:42 V/: Recv: MessageSvc.PbSendMsg[0m
[0m2022-01-30 12:54:47 V/: Send: MessageSvc.PbSendMsg(MessageSvc.PbSendMsg)[0m
[0m2022-01-30 12:54:47 V/: Recv: MessageSvc.PbSendMsg[0m
[0m2022-01-30 12:54:52 V/: Send: MessageSvc.PbSendMsg(MessageSvc.PbSendMsg)[0m
[0m2022-01-30 12:54:52 V/: Recv: MessageSvc.PbSendMsg[0m
[0m2022-01-30 12:54:57 V/: Send: MessageSvc.PbSendMsg(MessageSvc.PbSendMsg)[0m
[0m2022-01-30 12:54:57 V/: Recv: MessageSvc.PbSendMsg[0m
[0m2022-01-30 12:55:02 V/: Send: MessageSvc.PbSendMsg(MessageSvc.PbSendMsg)[0m
[0m2022-01-30 12:55:03 V/: Recv: MessageSvc.PbSendMsg[0m
[0m2022-01-30 12:55:08 V/: Send: MessageSvc.PbSendMsg(MessageSvc.PbSendMsg)[0m
[0m2022-01-30 12:55:08 V/: Recv: MessageSvc.PbSendMsg[0m
[0m2022-01-30 12:55:13 V/: Send: MessageSvc.PbSendMsg(MessageSvc.PbSendMsg)[0m
[0m2022-01-30 12:55:13 V/: Recv: MessageSvc.PbSendMsg[0m
[0m2022-01-30 12:55:18 V/: Send: MessageSvc.PbSendMsg(MessageSvc.PbSendMsg)[0m
[0m2022-01-30 12:55:19 V/: Recv: MessageSvc.PbSendMsg[0m
[0m2022-01-30 12:55:24 V/: Send: MessageSvc.PbSendMsg(MessageSvc.PbSendMsg)[0m
[0m2022-01-30 12:55:24 V/: Recv: MessageSvc.PbSendMsg[0m
[0m2022-01-30 12:55:29 V/: Send: MessageSvc.PbSendMsg(MessageSvc.PbSendMsg)[0m
[0m2022-01-30 12:55:29 V/: Recv: MessageSvc.PbSendMsg[0m
[0m2022-01-30 12:55:34 V/: Send: MessageSvc.PbSendMsg(MessageSvc.PbSendMsg)[0m
[0m2022-01-30 12:55:34 V/: Recv: MessageSvc.PbSendMsg[0m
[0m2022-01-30 12:55:39 V/: Send: MessageSvc.PbSendMsg(MessageSvc.PbSendMsg)[0m
[0m2022-01-30 12:55:40 V/: Recv: MessageSvc.PbSendMsg[0m
[0m2022-01-30 12:55:45 V/: Send: MessageSvc.PbSendMsg(MessageSvc.PbSendMsg)[0m
[0m2022-01-30 12:55:45 V/: Recv: MessageSvc.PbSendMsg[0m
[0m2022-01-30 12:55:50 V/: Send: MessageSvc.PbSendMsg(MessageSvc.PbSendMsg)[0m
[0m2022-01-30 12:55:50 V/: Recv: MessageSvc.PbSendMsg[0m
[0m2022-01-30 12:55:55 V/: Send: MessageSvc.PbSendMsg(MessageSvc.PbSendMsg)[0m
[0m2022-01-30 12:55:56 V/: Recv: MessageSvc.PbSendMsg[0m
[0m2022-01-30 12:56:01 V/: Send: MessageSvc.PbSendMsg(MessageSvc.PbSendMsg)[0m
[0m2022-01-30 12:56:01 V/: Recv: MessageSvc.PbSendMsg[0m
[0m2022-01-30 12:56:06 V/: Send: MessageSvc.PbSendMsg(MessageSvc.PbSendMsg)[0m
[0m2022-01-30 12:56:06 V/: Recv: MessageSvc.PbSendMsg[0m
[0m2022-01-30 12:56:11 V/: Send: MessageSvc.PbSendMsg(MessageSvc.PbSendMsg)[0m
[0m2022-01-30 12:56:11 V/: Recv: MessageSvc.PbSendMsg[0m
[0m2022-01-30 12:56:16 V/: Send: MessageSvc.PbSendMsg(MessageSvc.PbSendMsg)[0m
[0m2022-01-30 12:56:17 V/: Recv: MessageSvc.PbSendMsg[0m
[0m2022-01-30 12:56:22 V/: Send: MessageSvc.PbSendMsg(MessageSvc.PbSendMsg)[0m
[0m2022-01-30 12:56:22 V/: Recv: MessageSvc.PbSendMsg[0m
[0m2022-01-30 12:56:27 V/: Send: MessageSvc.PbSendMsg(MessageSvc.PbSendMsg)[0m
[0m2022-01-30 12:56:28 V/: Recv: MessageSvc.PbSendMsg[0m
[0m2022-01-30 12:56:33 V/: Send: MessageSvc.PbSendMsg(MessageSvc.PbSendMsg)[0m
[0m2022-01-30 12:56:33 V/: Recv: MessageSvc.PbSendMsg[0m
[0m2022-01-30 12:56:38 V/: Send: MessageSvc.PbSendMsg(MessageSvc.PbSendMsg)[0m
[0m2022-01-30 12:56:38 V/: Recv: MessageSvc.PbSendMsg[0m
[0m2022-01-30 12:56:43 V/: Send: MessageSvc.PbSendMsg(MessageSvc.PbSendMsg)[0m
[0m2022-01-30 12:56:43 V/: Recv: MessageSvc.PbSendMsg[0m
[0m2022-01-30 12:56:48 V/: Send: MessageSvc.PbSendMsg(MessageSvc.PbSendMsg)[0m
[0m2022-01-30 12:56:49 V/: Recv: MessageSvc.PbSendMsg[0m
[0m2022-01-30 12:56:54 V/: Send: MessageSvc.PbSendMsg(MessageSvc.PbSendMsg)[0m
[0m2022-01-30 12:56:54 V/: Recv: MessageSvc.PbSendMsg[0m
[0m2022-01-30 12:56:59 V/: Send: MessageSvc.PbSendMsg(MessageSvc.PbSendMsg)[0m
[0m2022-01-30 12:56:59 V/: Recv: MessageSvc.PbSendMsg[0m
[0m2022-01-30 12:57:04 V/: Send: MessageSvc.PbSendMsg(MessageSvc.PbSendMsg)[0m
[0m2022-01-30 12:57:04 V/: Recv: MessageSvc.PbSendMsg[0m
[0m2022-01-30 12:57:09 V/: Send: MessageSvc.PbSendMsg(MessageSvc.PbSendMsg)[0m
[0m2022-01-30 12:57:10 V/: Recv: MessageSvc.PbSendMsg[0m
[0m2022-01-30 12:57:15 V/: Send: MessageSvc.PbSendMsg(MessageSvc.PbSendMsg)[0m
[0m2022-01-30 12:57:15 V/: Recv: MessageSvc.PbSendMsg[0m
[0m2022-01-30 12:57:20 V/: Send: MessageSvc.PbSendMsg(MessageSvc.PbSendMsg)[0m
[0m2022-01-30 12:57:20 V/: Recv: MessageSvc.PbSendMsg[0m
[0m2022-01-30 12:57:25 V/: Send: MessageSvc.PbSendMsg(MessageSvc.PbSendMsg)[0m
[0m2022-01-30 12:57:25 V/: Recv: MessageSvc.PbSendMsg[0m
[0m2022-01-30 12:57:30 V/: Send: MessageSvc.PbSendMsg(MessageSvc.PbSendMsg)[0m
[0m2022-01-30 12:57:31 V/: Recv: MessageSvc.PbSendMsg[0m
[0m2022-01-30 12:57:36 V/: Send: MessageSvc.PbSendMsg(MessageSvc.PbSendMsg)[0m
[0m2022-01-30 12:57:36 V/: Recv: MessageSvc.PbSendMsg[0m
[0m2022-01-30 12:57:41 V/: Send: MessageSvc.PbSendMsg(MessageSvc.PbSendMsg)[0m
[0m2022-01-30 12:57:41 V/: Recv: MessageSvc.PbSendMsg[0m
[0m2022-01-30 12:57:46 V/: Send: MessageSvc.PbSendMsg(MessageSvc.PbSendMsg)[0m
[0m2022-01-30 12:57:47 V/: Recv: MessageSvc.PbSendMsg[0m
[0m2022-01-30 12:57:52 V/: Send: MessageSvc.PbSendMsg(MessageSvc.PbSendMsg)[0m
[0m2022-01-30 12:57:52 V/: Recv: MessageSvc.PbSendMsg[0m
[0m2022-01-30 12:57:57 V/: Send: MessageSvc.PbSendMsg(MessageSvc.PbSendMsg)[0m
[0m2022-01-30 12:57:57 V/: Recv: MessageSvc.PbSendMsg[0m
[0m2022-01-30 12:58:02 V/: Send: MessageSvc.PbSendMsg(MessageSvc.PbSendMsg)[0m
[0m2022-01-30 12:58:02 V/: Recv: MessageSvc.PbSendMsg[0m
[0m2022-01-30 12:58:07 V/: Send: MessageSvc.PbSendMsg(MessageSvc.PbSendMsg)[0m
[0m2022-01-30 12:58:07 V/: Recv: MessageSvc.PbSendMsg[0m
[0m2022-01-30 12:58:12 V/: Send: MessageSvc.PbSendMsg(MessageSvc.PbSendMsg)[0m
[0m2022-01-30 12:58:13 V/: Recv: MessageSvc.PbSendMsg[0m
[0m2022-01-30 12:58:18 V/: Send: MessageSvc.PbSendMsg(MessageSvc.PbSendMsg)[0m
[0m2022-01-30 12:58:18 V/: Recv: MessageSvc.PbSendMsg[0m
[0m2022-01-30 12:58:23 V/: Send: MessageSvc.PbSendMsg(MessageSvc.PbSendMsg)[0m
[0m2022-01-30 12:58:23 V/: Recv: MessageSvc.PbSendMsg[0m
[0m2022-01-30 12:58:28 V/: Send: MessageSvc.PbSendMsg(MessageSvc.PbSendMsg)[0m
[0m2022-01-30 12:58:29 V/: Recv: MessageSvc.PbSendMsg[0m
[0m2022-01-30 12:58:34 V/: Send: MessageSvc.PbSendMsg(MessageSvc.PbSendMsg)[0m
[0m2022-01-30 12:58:34 V/: Recv: MessageSvc.PbSendMsg[0m
[0m2022-01-30 12:58:39 V/: Send: MessageSvc.PbSendMsg(MessageSvc.PbSendMsg)[0m
[0m2022-01-30 12:58:39 V/: Recv: MessageSvc.PbSendMsg[0m
[0m2022-01-30 12:58:44 V/: Send: MessageSvc.PbSendMsg(MessageSvc.PbSendMsg)[0m
[0m2022-01-30 12:58:45 V/: Recv: MessageSvc.PbSendMsg[0m
[0m2022-01-30 12:58:50 V/: Send: MessageSvc.PbSendMsg(MessageSvc.PbSendMsg)[0m
[0m2022-01-30 12:58:50 V/: Recv: MessageSvc.PbSendMsg[0m
[0m2022-01-30 12:58:55 V/: Send: MessageSvc.PbSendMsg(MessageSvc.PbSendMsg)[0m
[0m2022-01-30 12:58:55 V/: Recv: MessageSvc.PbSendMsg[0m
[0m2022-01-30 12:59:00 V/: Send: MessageSvc.PbSendMsg(MessageSvc.PbSendMsg)[0m
[0m2022-01-30 12:59:00 V/: Recv: MessageSvc.PbSendMsg[0m
[0m2022-01-30 12:59:05 V/: Send: MessageSvc.PbSendMsg(MessageSvc.PbSendMsg)[0m
[0m2022-01-30 12:59:06 V/: Recv: MessageSvc.PbSendMsg[0m
[0m2022-01-30 12:59:11 V/: Send: MessageSvc.PbSendMsg(MessageSvc.PbSendMsg)[0m
[0m2022-01-30 12:59:11 V/: Recv: MessageSvc.PbSendMsg[0m
[0m2022-01-30 12:59:16 V/: Send: MessageSvc.PbSendMsg(MessageSvc.PbSendMsg)[0m
[0m2022-01-30 12:59:16 V/: Recv: MessageSvc.PbSendMsg[0m
[0m2022-01-30 12:59:21 V/: Send: MessageSvc.PbSendMsg(MessageSvc.PbSendMsg)[0m
[0m2022-01-30 12:59:21 V/: Recv: MessageSvc.PbSendMsg[0m
[0m2022-01-30 12:59:26 V/: Send: MessageSvc.PbSendMsg(MessageSvc.PbSendMsg)[0m
[0m2022-01-30 12:59:27 V/: Recv: MessageSvc.PbSendMsg[0m
[0m2022-01-30 12:59:32 V/: Send: MessageSvc.PbSendMsg(MessageSvc.PbSendMsg)[0m
[0m2022-01-30 12:59:32 V/: Recv: MessageSvc.PbSendMsg[0m
[0m2022-01-30 12:59:37 V/: Send: MessageSvc.PbSendMsg(MessageSvc.PbSendMsg)[0m
[0m2022-01-30 12:59:37 V/: Recv: MessageSvc.PbSendMsg[0m
[0m2022-01-30 12:59:42 V/: Send: MessageSvc.PbSendMsg(MessageSvc.PbSendMsg)[0m
[0m2022-01-30 12:59:43 V/: Recv: MessageSvc.PbSendMsg[0m
[0m2022-01-30 12:59:48 V/: Send: MessageSvc.PbSendMsg(MessageSvc.PbSendMsg)[0m
[0m2022-01-30 12:59:48 V/: Recv: MessageSvc.PbSendMsg[0m
[0m2022-01-30 12:59:53 V/: Send: MessageSvc.PbSendMsg(MessageSvc.PbSendMsg)[0m
[0m2022-01-30 12:59:53 V/: Recv: MessageSvc.PbSendMsg[0m
[0m2022-01-30 12:59:58 V/: Send: MessageSvc.PbSendMsg(MessageSvc.PbSendMsg)[0m
[0m2022-01-30 12:59:58 V/: Recv: MessageSvc.PbSendMsg[0m
[0m2022-01-30 13:00:03 V/: Send: MessageSvc.PbSendMsg(MessageSvc.PbSendMsg)[0m
[0m2022-01-30 13:00:04 V/: Recv: MessageSvc.PbSendMsg[0m
[0m2022-01-30 13:00:09 V/: Send: MessageSvc.PbSendMsg(MessageSvc.PbSendMsg)[0m
[0m2022-01-30 13:00:09 V/: Recv: MessageSvc.PbSendMsg[0m
[0m2022-01-30 13:00:14 V/: Send: MessageSvc.PbSendMsg(MessageSvc.PbSendMsg)[0m
[0m2022-01-30 13:00:14 V/: Recv: MessageSvc.PbSendMsg[0m
[0m2022-01-30 13:00:19 V/: Send: MessageSvc.PbSendMsg(MessageSvc.PbSendMsg)[0m
[0m2022-01-30 13:00:19 V/: Recv: MessageSvc.PbSendMsg[0m
[0m2022-01-30 13:00:25 V/: Send: MessageSvc.PbSendMsg(MessageSvc.PbSendMsg)[0m
[0m2022-01-30 13:00:25 V/: Recv: MessageSvc.PbSendMsg[0m
[0m2022-01-30 13:00:30 V/: Send: MessageSvc.PbSendMsg(MessageSvc.PbSendMsg)[0m
[0m2022-01-30 13:00:30 V/: Recv: MessageSvc.PbSendMsg[0m
[0m2022-01-30 13:00:35 V/: Send: MessageSvc.PbSendMsg(MessageSvc.PbSendMsg)[0m
[0m2022-01-30 13:00:35 V/: Recv: MessageSvc.PbSendMsg[0m
[0m2022-01-30 13:00:40 V/: Send: MessageSvc.PbSendMsg(MessageSvc.PbSendMsg)[0m
[0m2022-01-30 13:00:40 V/: Recv: MessageSvc.PbSendMsg[0m
[0m2022-01-30 13:00:45 V/: Send: MessageSvc.PbSendMsg(MessageSvc.PbSendMsg)[0m
[0m2022-01-30 13:00:46 V/: Recv: MessageSvc.PbSendMsg[0m
[0m2022-01-30 13:00:51 V/: Send: MessageSvc.PbSendMsg(MessageSvc.PbSendMsg)[0m
[0m2022-01-30 13:00:51 V/: Recv: MessageSvc.PbSendMsg[0m
[0m2022-01-30 13:00:56 V/: Send: MessageSvc.PbSendMsg(MessageSvc.PbSendMsg)[0m
[0m2022-01-30 13:00:57 V/: Recv: MessageSvc.PbSendMsg[0m
[0m2022-01-30 13:01:02 V/: Send: MessageSvc.PbSendMsg(MessageSvc.PbSendMsg)[0m
[0m2022-01-30 13:01:02 V/: Recv: MessageSvc.PbSendMsg[0m
[0m2022-01-30 13:01:07 V/: Send: MessageSvc.PbSendMsg(MessageSvc.PbSendMsg)[0m
[0m2022-01-30 13:01:07 V/: Recv: MessageSvc.PbSendMsg[0m
[0m2022-01-30 13:01:12 V/: Send: MessageSvc.PbSendMsg(MessageSvc.PbSendMsg)[0m
[0m2022-01-30 13:01:12 V/: Recv: MessageSvc.PbSendMsg[0m
[0m2022-01-30 13:01:17 V/: Send: MessageSvc.PbSendMsg(MessageSvc.PbSendMsg)[0m
[0m2022-01-30 13:01:18 V/: Recv: MessageSvc.PbSendMsg[0m
[0m2022-01-30 13:01:23 V/: Send: MessageSvc.PbSendMsg(MessageSvc.PbSendMsg)[0m
[0m2022-01-30 13:01:23 V/: Recv: MessageSvc.PbSendMsg[0m
[0m2022-01-30 13:01:28 V/: Send: MessageSvc.PbSendMsg(MessageSvc.PbSendMsg)[0m
[0m2022-01-30 13:01:28 V/: Recv: MessageSvc.PbSendMsg[0m
[0m2022-01-30 13:01:33 V/: Send: MessageSvc.PbSendMsg(MessageSvc.PbSendMsg)[0m
[0m2022-01-30 13:01:33 V/: Recv: MessageSvc.PbSendMsg[0m
[0m2022-01-30 13:01:38 V/: Send: MessageSvc.PbSendMsg(MessageSvc.PbSendMsg)[0m
[0m2022-01-30 13:01:39 V/: Recv: MessageSvc.PbSendMsg[0m
[0m2022-01-30 13:01:44 V/: Send: MessageSvc.PbSendMsg(MessageSvc.PbSendMsg)[0m
[0m2022-01-30 13:01:44 V/: Recv: MessageSvc.PbSendMsg[0m
[0m2022-01-30 13:01:49 V/: Send: MessageSvc.PbSendMsg(MessageSvc.PbSendMsg)[0m
[0m2022-01-30 13:01:49 V/: Recv: MessageSvc.PbSendMsg[0m
[0m2022-01-30 13:01:54 V/: Send: MessageSvc.PbSendMsg(MessageSvc.PbSendMsg)[0m
[0m2022-01-30 13:01:54 V/: Recv: MessageSvc.PbSendMsg[0m
[0m2022-01-30 13:01:59 V/: Send: MessageSvc.PbSendMsg(MessageSvc.PbSendMsg)[0m
[0m2022-01-30 13:02:00 V/: Recv: MessageSvc.PbSendMsg[0m
[0m2022-01-30 13:02:05 V/: Send: MessageSvc.PbSendMsg(MessageSvc.PbSendMsg)[0m
[0m2022-01-30 13:02:05 V/: Recv: MessageSvc.PbSendMsg[0m
[0m2022-01-30 13:02:10 V/: Send: MessageSvc.PbSendMsg(MessageSvc.PbSendMsg)[0m
[0m2022-01-30 13:02:10 V/: Recv: MessageSvc.PbSendMsg[0m
[0m2022-01-30 13:02:15 V/: Send: MessageSvc.PbSendMsg(MessageSvc.PbSendMsg)[0m
[0m2022-01-30 13:02:16 V/: Recv: MessageSvc.PbSendMsg[0m
[0m2022-01-30 13:02:21 V/: Send: MessageSvc.PbSendMsg(MessageSvc.PbSendMsg)[0m
[0m2022-01-30 13:02:21 V/: Recv: MessageSvc.PbSendMsg[0m
[0m2022-01-30 13:02:26 V/: Send: MessageSvc.PbSendMsg(MessageSvc.PbSendMsg)[0m
[0m2022-01-30 13:02:26 V/: Recv: MessageSvc.PbSendMsg[0m
[0m2022-01-30 13:02:31 V/: Send: MessageSvc.PbSendMsg(MessageSvc.PbSendMsg)[0m
[0m2022-01-30 13:02:31 V/: Recv: MessageSvc.PbSendMsg[0m
[0m2022-01-30 13:02:36 V/: Send: MessageSvc.PbSendMsg(MessageSvc.PbSendMsg)[0m
[0m2022-01-30 13:02:37 V/: Recv: MessageSvc.PbSendMsg[0m
[0m2022-01-30 13:02:42 V/: Send: MessageSvc.PbSendMsg(MessageSvc.PbSendMsg)[0m
[0m2022-01-30 13:02:42 V/: Recv: MessageSvc.PbSendMsg[0m
[0m2022-01-30 13:02:47 V/: Send: MessageSvc.PbSendMsg(MessageSvc.PbSendMsg)[0m
[0m2022-01-30 13:02:48 V/: Recv: MessageSvc.PbSendMsg[0m
[0m2022-01-30 13:02:53 V/: Send: MessageSvc.PbSendMsg(MessageSvc.PbSendMsg)[0m
[0m2022-01-30 13:02:53 V/: Recv: MessageSvc.PbSendMsg[0m
[0m2022-01-30 13:02:58 V/: Send: MessageSvc.PbSendMsg(MessageSvc.PbSendMsg)[0m
[0m2022-01-30 13:02:58 V/: Recv: MessageSvc.PbSendMsg[0m
[0m2022-01-30 13:03:03 V/: Send: MessageSvc.PbSendMsg(MessageSvc.PbSendMsg)[0m
[0m2022-01-30 13:03:03 V/: Recv: MessageSvc.PbSendMsg[0m
[0m2022-01-30 13:03:08 V/: Send: MessageSvc.PbSendMsg(MessageSvc.PbSendMsg)[0m
[0m2022-01-30 13:03:09 V/: Recv: MessageSvc.PbSendMsg[0m
[0m2022-01-30 13:03:14 V/: Send: MessageSvc.PbSendMsg(MessageSvc.PbSendMsg)[0m
[0m2022-01-30 13:03:14 V/: Recv: MessageSvc.PbSendMsg[0m
[0m2022-01-30 13:03:19 V/: Send: MessageSvc.PbSendMsg(MessageSvc.PbSendMsg)[0m
[0m2022-01-30 13:03:19 V/: Recv: MessageSvc.PbSendMsg[0m
[0m2022-01-30 13:03:24 V/: Send: MessageSvc.PbSendMsg(MessageSvc.PbSendMsg)[0m
[0m2022-01-30 13:03:25 V/: Recv: MessageSvc.PbSendMsg[0m
[0m2022-01-30 13:03:30 V/: Send: MessageSvc.PbSendMsg(MessageSvc.PbSendMsg)[0m
[0m2022-01-30 13:03:30 V/: Recv: MessageSvc.PbSendMsg[0m
[0m2022-01-30 13:03:35 V/: Send: MessageSvc.PbSendMsg(MessageSvc.PbSendMsg)[0m
[0m2022-01-30 13:03:36 V/: Recv: MessageSvc.PbSendMsg[0m
[0m2022-01-30 13:03:41 V/: Send: MessageSvc.PbSendMsg(MessageSvc.PbSendMsg)[0m
[0m2022-01-30 13:03:41 V/: Recv: MessageSvc.PbSendMsg[0m
[0m2022-01-30 13:03:46 V/: Send: MessageSvc.PbSendMsg(MessageSvc.PbSendMsg)[0m
[0m2022-01-30 13:03:46 V/: Recv: MessageSvc.PbSendMsg[0m
[0m2022-01-30 13:03:51 V/: Send: MessageSvc.PbSendMsg(MessageSvc.PbSendMsg)[0m
[0m2022-01-30 13:03:51 V/: Recv: MessageSvc.PbSendMsg[0m
[0m2022-01-30 13:03:56 V/: Send: MessageSvc.PbSendMsg(MessageSvc.PbSendMsg)[0m
[0m2022-01-30 13:03:57 V/: Recv: MessageSvc.PbSendMsg[0m
[0m2022-01-30 13:04:02 V/: Send: MessageSvc.PbSendMsg(MessageSvc.PbSendMsg)[0m
[0m2022-01-30 13:04:02 V/: Recv: MessageSvc.PbSendMsg[0m
[0m2022-01-30 13:04:07 V/: Send: MessageSvc.PbSendMsg(MessageSvc.PbSendMsg)[0m
[0m2022-01-30 13:04:07 V/: Recv: MessageSvc.PbSendMsg[0m
[0m2022-01-30 13:04:12 V/: Send: MessageSvc.PbSendMsg(MessageSvc.PbSendMsg)[0m
[0m2022-01-30 13:04:13 V/: Recv: MessageSvc.PbSendMsg[0m
[0m2022-01-30 13:04:18 V/: Send: MessageSvc.PbSendMsg(MessageSvc.PbSendMsg)[0m
[0m2022-01-30 13:04:18 V/: Recv: MessageSvc.PbSendMsg[0m
[0m2022-01-30 13:04:23 V/: Send: MessageSvc.PbSendMsg(MessageSvc.PbSendMsg)[0m
[0m2022-01-30 13:04:23 V/: Recv: MessageSvc.PbSendMsg[0m
[0m2022-01-30 13:04:28 V/: Send: MessageSvc.PbSendMsg(MessageSvc.PbSendMsg)[0m
[0m2022-01-30 13:04:28 V/: Recv: MessageSvc.PbSendMsg[0m
[0m2022-01-30 13:04:33 V/: Send: MessageSvc.PbSendMsg(MessageSvc.PbSendMsg)[0m
[0m2022-01-30 13:04:34 V/: Recv: MessageSvc.PbSendMsg[0m
[0m2022-01-30 13:04:39 V/: Send: MessageSvc.PbSendMsg(MessageSvc.PbSendMsg)[0m
[0m2022-01-30 13:04:39 V/: Recv: MessageSvc.PbSendMsg[0m
[0m2022-01-30 13:04:44 V/: Send: MessageSvc.PbSendMsg(MessageSvc.PbSendMsg)[0m
[0m2022-01-30 13:04:44 V/: Recv: MessageSvc.PbSendMsg[0m
[0m2022-01-30 13:04:49 V/: Send: MessageSvc.PbSendMsg(MessageSvc.PbSendMsg)[0m
[0m2022-01-30 13:04:49 V/: Recv: MessageSvc.PbSendMsg[0m
[0m2022-01-30 13:04:54 V/: Send: MessageSvc.PbSendMsg(MessageSvc.PbSendMsg)[0m
[0m2022-01-30 13:04:55 V/: Recv: MessageSvc.PbSendMsg[0m
[0m2022-01-30 13:05:00 V/: Send: MessageSvc.PbSendMsg(MessageSvc.PbSendMsg)[0m
[0m2022-01-30 13:05:00 V/: Recv: MessageSvc.PbSendMsg[0m
[0m2022-01-30 13:05:05 V/: Send: MessageSvc.PbSendMsg(MessageSvc.PbSendMsg)[0m
[0m2022-01-30 13:05:05 V/: Recv: MessageSvc.PbSendMsg[0m
[0m2022-01-30 13:05:10 V/: Send: MessageSvc.PbSendMsg(MessageSvc.PbSendMsg)[0m
[0m2022-01-30 13:05:10 V/: Recv: MessageSvc.PbSendMsg[0m
[0m2022-01-30 13:05:15 V/: Send: MessageSvc.PbSendMsg(MessageSvc.PbSendMsg)[0m
[0m2022-01-30 13:05:16 V/: Recv: MessageSvc.PbSendMsg[0m
[0m2022-01-30 13:05:21 V/: Send: MessageSvc.PbSendMsg(MessageSvc.PbSendMsg)[0m
[0m2022-01-30 13:05:21 V/: Recv: MessageSvc.PbSendMsg[0m
[0m2022-01-30 13:05:26 V/: Send: MessageSvc.PbSendMsg(MessageSvc.PbSendMsg)[0m
[0m2022-01-30 13:05:26 V/: Recv: MessageSvc.PbSendMsg[0m
[0m2022-01-30 13:05:31 V/: Send: MessageSvc.PbSendMsg(MessageSvc.PbSendMsg)[0m
[0m2022-01-30 13:05:32 V/: Recv: MessageSvc.PbSendMsg[0m
[0m2022-01-30 13:05:37 V/: Send: MessageSvc.PbSendMsg(MessageSvc.PbSendMsg)[0m
[0m2022-01-30 13:05:37 V/: Recv: MessageSvc.PbSendMsg[0m
[0m2022-01-30 13:05:42 V/: Send: MessageSvc.PbSendMsg(MessageSvc.PbSendMsg)[0m
[0m2022-01-30 13:05:42 V/: Recv: MessageSvc.PbSendMsg[0m
[0m2022-01-30 13:05:47 V/: Send: MessageSvc.PbSendMsg(MessageSvc.PbSendMsg)[0m
[0m2022-01-30 13:05:48 V/: Recv: MessageSvc.PbSendMsg[0m
[0m2022-01-30 13:05:53 V/: Send: MessageSvc.PbSendMsg(MessageSvc.PbSendMsg)[0m
[0m2022-01-30 13:05:53 V/: Recv: MessageSvc.PbSendMsg[0m
[0m2022-01-30 13:05:58 V/: Send: MessageSvc.PbSendMsg(MessageSvc.PbSendMsg)[0m
[0m2022-01-30 13:05:58 V/: Recv: MessageSvc.PbSendMsg[0m
[0m2022-01-30 13:06:03 V/: Send: MessageSvc.PbSendMsg(MessageSvc.PbSendMsg)[0m
[0m2022-01-30 13:06:04 V/: Recv: MessageSvc.PbSendMsg[0m
[0m2022-01-30 13:06:09 V/: Send: MessageSvc.PbSendMsg(MessageSvc.PbSendMsg)[0m
[0m2022-01-30 13:06:09 V/: Recv: MessageSvc.PbSendMsg[0m
[0m2022-01-30 13:06:14 V/: Send: MessageSvc.PbSendMsg(MessageSvc.PbSendMsg)[0m
[0m2022-01-30 13:06:14 V/: Recv: MessageSvc.PbSendMsg[0m
[0m2022-01-30 13:06:19 V/: Send: MessageSvc.PbSendMsg(MessageSvc.PbSendMsg)[0m
[0m2022-01-30 13:06:19 V/: Recv: MessageSvc.PbSendMsg[0m
[0m2022-01-30 13:06:24 V/: Send: MessageSvc.PbSendMsg(MessageSvc.PbSendMsg)[0m
[0m2022-01-30 13:06:25 V/: Recv: MessageSvc.PbSendMsg[0m
[0m2022-01-30 13:06:30 V/: Send: MessageSvc.PbSendMsg(MessageSvc.PbSendMsg)[0m
[0m2022-01-30 13:06:30 V/: Recv: MessageSvc.PbSendMsg[0m
[0m2022-01-30 13:06:35 V/: Send: MessageSvc.PbSendMsg(MessageSvc.PbSendMsg)[0m
[0m2022-01-30 13:06:35 V/: Recv: MessageSvc.PbSendMsg[0m
[0m2022-01-30 13:06:40 V/: Send: MessageSvc.PbSendMsg(MessageSvc.PbSendMsg)[0m
[0m2022-01-30 13:06:41 V/: Recv: MessageSvc.PbSendMsg[0m
[0m2022-01-30 13:06:46 V/: Send: MessageSvc.PbSendMsg(MessageSvc.PbSendMsg)[0m
[0m2022-01-30 13:06:46 V/: Recv: MessageSvc.PbSendMsg[0m
[0m2022-01-30 13:06:51 V/: Send: MessageSvc.PbSendMsg(MessageSvc.PbSendMsg)[0m
[0m2022-01-30 13:06:51 V/: Recv: MessageSvc.PbSendMsg[0m
[0m2022-01-30 13:06:56 V/: Send: MessageSvc.PbSendMsg(MessageSvc.PbSendMsg)[0m
[0m2022-01-30 13:06:56 V/: Recv: MessageSvc.PbSendMsg[0m
[0m2022-01-30 13:07:01 V/: Send: MessageSvc.PbSendMsg(MessageSvc.PbSendMsg)[0m
[0m2022-01-30 13:07:02 V/: Recv: MessageSvc.PbSendMsg[0m
[0m2022-01-30 13:07:07 V/: Send: MessageSvc.PbSendMsg(MessageSvc.PbSendMsg)[0m
[0m2022-01-30 13:07:07 V/: Recv: MessageSvc.PbSendMsg[0m
[0m2022-01-30 13:07:12 V/: Send: MessageSvc.PbSendMsg(MessageSvc.PbSendMsg)[0m
[0m2022-01-30 13:07:12 V/: Recv: MessageSvc.PbSendMsg[0m
[0m2022-01-30 13:07:17 V/: Send: MessageSvc.PbSendMsg(MessageSvc.PbSendMsg)[0m
[0m2022-01-30 13:07:18 V/: Recv: MessageSvc.PbSendMsg[0m
[0m2022-01-30 13:07:23 V/: Send: MessageSvc.PbSendMsg(MessageSvc.PbSendMsg)[0m
[0m2022-01-30 13:07:23 V/: Recv: MessageSvc.PbSendMsg[0m
[0m2022-01-30 13:07:28 V/: Send: MessageSvc.PbSendMsg(MessageSvc.PbSendMsg)[0m
[0m2022-01-30 13:07:28 V/: Recv: MessageSvc.PbSendMsg[0m
[0m2022-01-30 13:07:33 V/: Send: MessageSvc.PbSendMsg(MessageSvc.PbSendMsg)[0m
[0m2022-01-30 13:07:33 V/: Recv: MessageSvc.PbSendMsg[0m
[0m2022-01-30 13:07:38 V/: Send: MessageSvc.PbSendMsg(MessageSvc.PbSendMsg)[0m
[0m2022-01-30 13:07:38 V/: Recv: MessageSvc.PbSendMsg[0m
[0m2022-01-30 13:07:43 V/: Send: MessageSvc.PbSendMsg(MessageSvc.PbSendMsg)[0m
[0m2022-01-30 13:07:44 V/: Recv: MessageSvc.PbSendMsg[0m
[0m2022-01-30 13:07:49 V/: Send: MessageSvc.PbSendMsg(MessageSvc.PbSendMsg)[0m
[0m2022-01-30 13:07:49 V/: Recv: MessageSvc.PbSendMsg[0m
[0m2022-01-30 13:07:54 V/: Send: MessageSvc.PbSendMsg(MessageSvc.PbSendMsg)[0m
[0m2022-01-30 13:07:54 V/: Recv: MessageSvc.PbSendMsg[0m
[0m2022-01-30 13:07:59 V/: Send: MessageSvc.PbSendMsg(MessageSvc.PbSendMsg)[0m
[0m2022-01-30 13:08:00 V/: Recv: MessageSvc.PbSendMsg[0m
[0m2022-01-30 13:08:05 V/: Send: MessageSvc.PbSendMsg(MessageSvc.PbSendMsg)[0m
[0m2022-01-30 13:08:05 V/: Recv: MessageSvc.PbSendMsg[0m
[0m2022-01-30 13:08:10 V/: Send: MessageSvc.PbSendMsg(MessageSvc.PbSendMsg)[0m
[0m2022-01-30 13:08:10 V/: Recv: MessageSvc.PbSendMsg[0m
[0m2022-01-30 13:08:15 V/: Send: MessageSvc.PbSendMsg(MessageSvc.PbSendMsg)[0m
[0m2022-01-30 13:08:15 V/: Recv: MessageSvc.PbSendMsg[0m
[0m2022-01-30 13:08:20 V/: Send: MessageSvc.PbSendMsg(MessageSvc.PbSendMsg)[0m
[0m2022-01-30 13:08:21 V/: Recv: MessageSvc.PbSendMsg[0m
[0m2022-01-30 13:08:26 V/: Send: MessageSvc.PbSendMsg(MessageSvc.PbSendMsg)[0m
[0m2022-01-30 13:08:26 V/: Recv: MessageSvc.PbSendMsg[0m
[0m2022-01-30 13:08:31 V/: Send: MessageSvc.PbSendMsg(MessageSvc.PbSendMsg)[0m
[0m2022-01-30 13:08:32 V/: Recv: MessageSvc.PbSendMsg[0m
[0m2022-01-30 13:08:37 V/: Send: MessageSvc.PbSendMsg(MessageSvc.PbSendMsg)[0m
[0m2022-01-30 13:08:37 V/: Recv: MessageSvc.PbSendMsg[0m
[0m2022-01-30 13:20:34 V/: Send: wtlogin.exchange_emp(wtlogin.exchange_emp)[0m
[92m2022-01-30 13:20:35 I/: Scheduled key refresh in 23h 55min 0.0s.[0m
[0m2022-01-30 13:20:35 V/: Recv: wtlogin.exchange_emp[0m
[0m2022-01-30 23:01:07 V/: Send: ImgStore.GroupPicUp(ImgStore.GroupPicUp)[0m
[0m2022-01-30 23:01:08 V/: Recv: ImgStore.GroupPicUp[0m
[0m2022-01-30 23:01:08 V/: [Highway] Uploading group image to 220.194.81.100:80, size=185.9 KiB[0m
[0m2022-01-30 23:01:08 V/: [Highway] Uploading group image: succeed at 269 KiB/s[0m
[0m2022-01-30 23:01:09 V/: Send: ImgStore.GroupPicUp(ImgStore.GroupPicUp)[0m
[0m2022-01-30 23:01:09 V/: Recv: ImgStore.GroupPicUp[0m
[0m2022-01-30 23:01:09 V/: Send: MessageSvc.PbSendMsg(MessageSvc.PbSendMsg)[0m
[0m2022-01-30 23:01:10 V/: Recv: MessageSvc.PbSendMsg[0m
[0m2022-01-30 23:07:16 V/: Send: ImgStore.GroupPicUp(ImgStore.GroupPicUp)[0m
[0m2022-01-30 23:07:17 V/: Recv: ImgStore.GroupPicUp[0m
[0m2022-01-30 23:07:17 V/: [Highway] Uploading group image to 220.194.81.100:80, size=188.76 KiB[0m
[0m2022-01-30 23:07:17 V/: [Highway] Uploading group image: succeed at 296 KiB/s[0m
[0m2022-01-30 23:07:18 V/: Send: ImgStore.GroupPicUp(ImgStore.GroupPicUp)[0m
[0m2022-01-30 23:07:18 V/: Recv: ImgStore.GroupPicUp[0m
[0m2022-01-30 23:07:18 V/: Send: MessageSvc.PbSendMsg(MessageSvc.PbSendMsg)[0m
[0m2022-01-30 23:07:19 V/: Recv: MessageSvc.PbSendMsg[0m
[0m2022-01-30 23:08:23 V/: Send: ImgStore.GroupPicUp(ImgStore.GroupPicUp)[0m
[0m2022-01-30 23:08:23 V/: Recv: ImgStore.GroupPicUp[0m
[0m2022-01-30 23:08:23 V/: [Highway] Uploading group image to 220.194.81.100:80, size=189.27 KiB[0m
[0m2022-01-30 23:08:24 V/: [Highway] Uploading group image: succeed at 289 KiB/s[0m
[0m2022-01-30 23:08:24 V/: Send: ImgStore.GroupPicUp(ImgStore.GroupPicUp)[0m
[0m2022-01-30 23:08:24 V/: Recv: ImgStore.GroupPicUp[0m
[0m2022-01-30 23:08:25 V/: Send: MessageSvc.PbSendMsg(MessageSvc.PbSendMsg)[0m
[0m2022-01-30 23:08:25 V/: Recv: MessageSvc.PbSendMsg[0m
[0m2022-01-30 23:19:50 V/: Send: ImgStore.GroupPicUp(ImgStore.GroupPicUp)[0m
[0m2022-01-30 23:19:50 V/: Recv: ImgStore.GroupPicUp[0m
[0m2022-01-30 23:19:50 V/: [Highway] Uploading group image to 220.194.81.100:80, size=32.3 KiB[0m
[0m2022-01-30 23:19:51 V/: [Highway] Uploading group image: succeed at 103 KiB/s[0m
[0m2022-01-30 23:19:51 V/: Send: ImgStore.GroupPicUp(ImgStore.GroupPicUp)[0m
[0m2022-01-30 23:19:51 V/: Recv: ImgStore.GroupPicUp[0m
[0m2022-01-30 23:19:51 V/: [Highway] Uploading group image to 220.194.81.100:80, size=21.05 KiB[0m
[0m2022-01-30 23:19:52 V/: [Highway] Uploading group image: succeed at 65 KiB/s[0m
[0m2022-01-30 23:19:52 V/: Send: MessageSvc.PbSendMsg(MessageSvc.PbSendMsg)[0m
[0m2022-01-30 23:19:52 V/: Recv: MessageSvc.PbSendMsg[0m
[0m2022-01-30 23:20:21 V/: Send: ImgStore.GroupPicUp(ImgStore.GroupPicUp)[0m
[0m2022-01-30 23:20:21 V/: Recv: ImgStore.GroupPicUp[0m
[0m2022-01-30 23:20:21 V/: [Highway] Uploading group image to 220.194.81.100:80, size=33.39 KiB[0m
[0m2022-01-30 23:20:21 V/: [Highway] Uploading group image: succeed at 127 KiB/s[0m
[0m2022-01-30 23:20:21 V/: Send: ImgStore.GroupPicUp(ImgStore.GroupPicUp)[0m
[0m2022-01-30 23:20:22 V/: Recv: ImgStore.GroupPicUp[0m
[0m2022-01-30 23:20:22 V/: [Highway] Uploading group image to 220.194.81.100:80, size=23.14 KiB[0m
[0m2022-01-30 23:20:22 V/: [Highway] Uploading group image: succeed at 62 KiB/s[0m
[0m2022-01-30 23:20:22 V/: Send: MessageSvc.PbSendMsg(MessageSvc.PbSendMsg)[0m
[0m2022-01-30 23:20:22 V/: Recv: MessageSvc.PbSendMsg[0m
